The system is: Linux - 4.13.0-38-generic - x86_64
Compiling the C compiler identification source file "CMakeCCompilerId.c" succeeded.
Compiler: /usr/bin/cc 
Build flags: 
Id flags: 

The output was:
0


Compilation of the C compiler identification source "CMakeCCompilerId.c" produced "a.out"

The C compiler identification is GNU, found in "/media/gungui/HOC TAP/computer vision/dlib/examples/build/CMakeFiles/3.5.1/CompilerIdC/a.out"

Compiling the CXX compiler identification source file "CMakeCXXCompilerId.cpp" succeeded.
Compiler: /usr/bin/c++ 
Build flags: 
Id flags: 

The output was:
0


Compilation of the CXX compiler identification source "CMakeCXXCompilerId.cpp" produced "a.out"

The CXX compiler identification is GNU, found in "/media/gungui/HOC TAP/computer vision/dlib/examples/build/CMakeFiles/3.5.1/CompilerIdCXX/a.out"

Determining if the C compiler works passed with the following output:
Change Dir: /media/gungui/HOC TAP/computer vision/dlib/examples/build/CMakeFiles/CMakeTmp

Run Build Command:"/usr/bin/make" "cmTC_9cbe9/fast"
/usr/bin/make -f CMakeFiles/cmTC_9cbe9.dir/build.make CMakeFiles/cmTC_9cbe9.dir/build
make[1]: Entering directory '/media/gungui/HOC TAP/computer vision/dlib/examples/build/CMakeFiles/CMakeTmp'
Building C object CMakeFiles/cmTC_9cbe9.dir/testCCompiler.c.o
/usr/bin/cc     -o CMakeFiles/cmTC_9cbe9.dir/testCCompiler.c.o   -c "/media/gungui/HOC TAP/computer vision/dlib/examples/build/CMakeFiles/CMakeTmp/testCCompiler.c"
Linking C executable cmTC_9cbe9
/usr/bin/cmake -E cmake_link_script CMakeFiles/cmTC_9cbe9.dir/link.txt --verbose=1
/usr/bin/cc       CMakeFiles/cmTC_9cbe9.dir/testCCompiler.c.o  -o cmTC_9cbe9 -rdynamic 
make[1]: Leaving directory '/media/gungui/HOC TAP/computer vision/dlib/examples/build/CMakeFiles/CMakeTmp'


Detecting C compiler ABI info compiled with the following output:
Change Dir: /media/gungui/HOC TAP/computer vision/dlib/examples/build/CMakeFiles/CMakeTmp

Run Build Command:"/usr/bin/make" "cmTC_fbf82/fast"
/usr/bin/make -f CMakeFiles/cmTC_fbf82.dir/build.make CMakeFiles/cmTC_fbf82.dir/build
make[1]: Entering directory '/media/gungui/HOC TAP/computer vision/dlib/examples/build/CMakeFiles/CMakeTmp'
Building C object CMakeFiles/cmTC_fbf82.dir/CMakeCCompilerABI.c.o
/usr/bin/cc     -o CMakeFiles/cmTC_fbf82.dir/CMakeCCompilerABI.c.o   -c /usr/share/cmake-3.5/Modules/CMakeCCompilerABI.c
Linking C executable cmTC_fbf82
/usr/bin/cmake -E cmake_link_script CMakeFiles/cmTC_fbf82.dir/link.txt --verbose=1
/usr/bin/cc      -v CMakeFiles/cmTC_fbf82.dir/CMakeCCompilerABI.c.o  -o cmTC_fbf82 -rdynamic  
Using built-in specs.
COLLECT_GCC=/usr/bin/cc
COLLECT_LTO_WRAPPER=/usr/lib/gcc/x86_64-linux-gnu/5/lto-wrapper
Target: x86_64-linux-gnu
Configured with: ../src/configure -v --with-pkgversion='Ubuntu 5.4.0-6ubuntu1~16.04.9' --with-bugurl=file:///usr/share/doc/gcc-5/README.Bugs --enable-languages=c,ada,c++,java,go,d,fortran,objc,obj-c++ --prefix=/usr --program-suffix=-5 --enable-shared --enable-linker-build-id --libexecdir=/usr/lib --without-included-gettext --enable-threads=posix --libdir=/usr/lib --enable-nls --with-sysroot=/ --enable-clocale=gnu --enable-libstdcxx-debug --enable-libstdcxx-time=yes --with-default-libstdcxx-abi=new --enable-gnu-unique-object --disable-vtable-verify --enable-libmpx --enable-plugin --with-system-zlib --disable-browser-plugin --enable-java-awt=gtk --enable-gtk-cairo --with-java-home=/usr/lib/jvm/java-1.5.0-gcj-5-amd64/jre --enable-java-home --with-jvm-root-dir=/usr/lib/jvm/java-1.5.0-gcj-5-amd64 --with-jvm-jar-dir=/usr/lib/jvm-exports/java-1.5.0-gcj-5-amd64 --with-arch-directory=amd64 --with-ecj-jar=/usr/share/java/eclipse-ecj.jar --enable-objc-gc --enable-multiarch --disable-werror --with-arch-32=i686 --with-abi=m64 --with-multilib-list=m32,m64,mx32 --enable-multilib --with-tune=generic --enable-checking=release --build=x86_64-linux-gnu --host=x86_64-linux-gnu --target=x86_64-linux-gnu
Thread model: posix
gcc version 5.4.0 20160609 (Ubuntu 5.4.0-6ubuntu1~16.04.9) 
COMPILER_PATH=/usr/lib/gcc/x86_64-linux-gnu/5/:/usr/lib/gcc/x86_64-linux-gnu/5/:/usr/lib/gcc/x86_64-linux-gnu/:/usr/lib/gcc/x86_64-linux-gnu/5/:/usr/lib/gcc/x86_64-linux-gnu/
LIBRARY_PATH=/usr/lib/gcc/x86_64-linux-gnu/5/:/usr/lib/gcc/x86_64-linux-gnu/5/../../../x86_64-linux-gnu/:/usr/lib/gcc/x86_64-linux-gnu/5/../../../../lib/:/lib/x86_64-linux-gnu/:/lib/../lib/:/usr/lib/x86_64-linux-gnu/:/usr/lib/../lib/:/usr/lib/gcc/x86_64-linux-gnu/5/../../../:/lib/:/usr/lib/
COLLECT_GCC_OPTIONS='-v' '-o' 'cmTC_fbf82' '-rdynamic' '-mtune=generic' '-march=x86-64'
 /usr/lib/gcc/x86_64-linux-gnu/5/collect2 -plugin /usr/lib/gcc/x86_64-linux-gnu/5/liblto_plugin.so -plugin-opt=/usr/lib/gcc/x86_64-linux-gnu/5/lto-wrapper -plugin-opt=-fresolution=/tmp/ccT8ZfMc.res -plugin-opt=-pass-through=-lgcc -plugin-opt=-pass-through=-lgcc_s -plugin-opt=-pass-through=-lc -plugin-opt=-pass-through=-lgcc -plugin-opt=-pass-through=-lgcc_s --sysroot=/ --build-id --eh-frame-hdr -m elf_x86_64 --hash-style=gnu --as-needed -export-dynamic -dynamic-linker /lib64/ld-linux-x86-64.so.2 -z relro -o cmTC_fbf82 /usr/lib/gcc/x86_64-linux-gnu/5/../../../x86_64-linux-gnu/crt1.o /usr/lib/gcc/x86_64-linux-gnu/5/../../../x86_64-linux-gnu/crti.o /usr/lib/gcc/x86_64-linux-gnu/5/crtbegin.o -L/usr/lib/gcc/x86_64-linux-gnu/5 -L/usr/lib/gcc/x86_64-linux-gnu/5/../../../x86_64-linux-gnu -L/usr/lib/gcc/x86_64-linux-gnu/5/../../../../lib -L/lib/x86_64-linux-gnu -L/lib/../lib -L/usr/lib/x86_64-linux-gnu -L/usr/lib/../lib -L/usr/lib/gcc/x86_64-linux-gnu/5/../../.. CMakeFiles/cmTC_fbf82.dir/CMakeCCompilerABI.c.o -lgcc --as-needed -lgcc_s --no-as-needed -lc -lgcc --as-needed -lgcc_s --no-as-needed /usr/lib/gcc/x86_64-linux-gnu/5/crtend.o /usr/lib/gcc/x86_64-linux-gnu/5/../../../x86_64-linux-gnu/crtn.o
make[1]: Leaving directory '/media/gungui/HOC TAP/computer vision/dlib/examples/build/CMakeFiles/CMakeTmp'


Parsed C implicit link information from above output:
  link line regex: [^( *|.*[/\])(ld|([^/\]+-)?ld|collect2)[^/\]*( |$)]
  ignore line: [Change Dir: /media/gungui/HOC TAP/computer vision/dlib/examples/build/CMakeFiles/CMakeTmp]
  ignore line: []
  ignore line: [Run Build Command:"/usr/bin/make" "cmTC_fbf82/fast"]
  ignore line: [/usr/bin/make -f CMakeFiles/cmTC_fbf82.dir/build.make CMakeFiles/cmTC_fbf82.dir/build]
  ignore line: [make[1]: Entering directory '/media/gungui/HOC TAP/computer vision/dlib/examples/build/CMakeFiles/CMakeTmp']
  ignore line: [Building C object CMakeFiles/cmTC_fbf82.dir/CMakeCCompilerABI.c.o]
  ignore line: [/usr/bin/cc     -o CMakeFiles/cmTC_fbf82.dir/CMakeCCompilerABI.c.o   -c /usr/share/cmake-3.5/Modules/CMakeCCompilerABI.c]
  ignore line: [Linking C executable cmTC_fbf82]
  ignore line: [/usr/bin/cmake -E cmake_link_script CMakeFiles/cmTC_fbf82.dir/link.txt --verbose=1]
  ignore line: [/usr/bin/cc      -v CMakeFiles/cmTC_fbf82.dir/CMakeCCompilerABI.c.o  -o cmTC_fbf82 -rdynamic  ]
  ignore line: [Using built-in specs.]
  ignore line: [COLLECT_GCC=/usr/bin/cc]
  ignore line: [COLLECT_LTO_WRAPPER=/usr/lib/gcc/x86_64-linux-gnu/5/lto-wrapper]
  ignore line: [Target: x86_64-linux-gnu]
  ignore line: [Configured with: ../src/configure -v --with-pkgversion='Ubuntu 5.4.0-6ubuntu1~16.04.9' --with-bugurl=file:///usr/share/doc/gcc-5/README.Bugs --enable-languages=c,ada,c++,java,go,d,fortran,objc,obj-c++ --prefix=/usr --program-suffix=-5 --enable-shared --enable-linker-build-id --libexecdir=/usr/lib --without-included-gettext --enable-threads=posix --libdir=/usr/lib --enable-nls --with-sysroot=/ --enable-clocale=gnu --enable-libstdcxx-debug --enable-libstdcxx-time=yes --with-default-libstdcxx-abi=new --enable-gnu-unique-object --disable-vtable-verify --enable-libmpx --enable-plugin --with-system-zlib --disable-browser-plugin --enable-java-awt=gtk --enable-gtk-cairo --with-java-home=/usr/lib/jvm/java-1.5.0-gcj-5-amd64/jre --enable-java-home --with-jvm-root-dir=/usr/lib/jvm/java-1.5.0-gcj-5-amd64 --with-jvm-jar-dir=/usr/lib/jvm-exports/java-1.5.0-gcj-5-amd64 --with-arch-directory=amd64 --with-ecj-jar=/usr/share/java/eclipse-ecj.jar --enable-objc-gc --enable-multiarch --disable-werror --with-arch-32=i686 --with-abi=m64 --with-multilib-list=m32,m64,mx32 --enable-multilib --with-tune=generic --enable-checking=release --build=x86_64-linux-gnu --host=x86_64-linux-gnu --target=x86_64-linux-gnu]
  ignore line: [Thread model: posix]
  ignore line: [gcc version 5.4.0 20160609 (Ubuntu 5.4.0-6ubuntu1~16.04.9) ]
  ignore line: [COMPILER_PATH=/usr/lib/gcc/x86_64-linux-gnu/5/:/usr/lib/gcc/x86_64-linux-gnu/5/:/usr/lib/gcc/x86_64-linux-gnu/:/usr/lib/gcc/x86_64-linux-gnu/5/:/usr/lib/gcc/x86_64-linux-gnu/]
  ignore line: [LIBRARY_PATH=/usr/lib/gcc/x86_64-linux-gnu/5/:/usr/lib/gcc/x86_64-linux-gnu/5/../../../x86_64-linux-gnu/:/usr/lib/gcc/x86_64-linux-gnu/5/../../../../lib/:/lib/x86_64-linux-gnu/:/lib/../lib/:/usr/lib/x86_64-linux-gnu/:/usr/lib/../lib/:/usr/lib/gcc/x86_64-linux-gnu/5/../../../:/lib/:/usr/lib/]
  ignore line: [COLLECT_GCC_OPTIONS='-v' '-o' 'cmTC_fbf82' '-rdynamic' '-mtune=generic' '-march=x86-64']
  link line: [ /usr/lib/gcc/x86_64-linux-gnu/5/collect2 -plugin /usr/lib/gcc/x86_64-linux-gnu/5/liblto_plugin.so -plugin-opt=/usr/lib/gcc/x86_64-linux-gnu/5/lto-wrapper -plugin-opt=-fresolution=/tmp/ccT8ZfMc.res -plugin-opt=-pass-through=-lgcc -plugin-opt=-pass-through=-lgcc_s -plugin-opt=-pass-through=-lc -plugin-opt=-pass-through=-lgcc -plugin-opt=-pass-through=-lgcc_s --sysroot=/ --build-id --eh-frame-hdr -m elf_x86_64 --hash-style=gnu --as-needed -export-dynamic -dynamic-linker /lib64/ld-linux-x86-64.so.2 -z relro -o cmTC_fbf82 /usr/lib/gcc/x86_64-linux-gnu/5/../../../x86_64-linux-gnu/crt1.o /usr/lib/gcc/x86_64-linux-gnu/5/../../../x86_64-linux-gnu/crti.o /usr/lib/gcc/x86_64-linux-gnu/5/crtbegin.o -L/usr/lib/gcc/x86_64-linux-gnu/5 -L/usr/lib/gcc/x86_64-linux-gnu/5/../../../x86_64-linux-gnu -L/usr/lib/gcc/x86_64-linux-gnu/5/../../../../lib -L/lib/x86_64-linux-gnu -L/lib/../lib -L/usr/lib/x86_64-linux-gnu -L/usr/lib/../lib -L/usr/lib/gcc/x86_64-linux-gnu/5/../../.. CMakeFiles/cmTC_fbf82.dir/CMakeCCompilerABI.c.o -lgcc --as-needed -lgcc_s --no-as-needed -lc -lgcc --as-needed -lgcc_s --no-as-needed /usr/lib/gcc/x86_64-linux-gnu/5/crtend.o /usr/lib/gcc/x86_64-linux-gnu/5/../../../x86_64-linux-gnu/crtn.o]
    arg [/usr/lib/gcc/x86_64-linux-gnu/5/collect2] ==> ignore
    arg [-plugin] ==> ignore
    arg [/usr/lib/gcc/x86_64-linux-gnu/5/liblto_plugin.so] ==> ignore
    arg [-plugin-opt=/usr/lib/gcc/x86_64-linux-gnu/5/lto-wrapper] ==> ignore
    arg [-plugin-opt=-fresolution=/tmp/ccT8ZfMc.res] ==> ignore
    arg [-plugin-opt=-pass-through=-lgcc] ==> ignore
    arg [-plugin-opt=-pass-through=-lgcc_s] ==> ignore
    arg [-plugin-opt=-pass-through=-lc] ==> ignore
    arg [-plugin-opt=-pass-through=-lgcc] ==> ignore
    arg [-plugin-opt=-pass-through=-lgcc_s] ==> ignore
    arg [--sysroot=/] ==> ignore
    arg [--build-id] ==> ignore
    arg [--eh-frame-hdr] ==> ignore
    arg [-m] ==> ignore
    arg [elf_x86_64] ==> ignore
    arg [--hash-style=gnu] ==> ignore
    arg [--as-needed] ==> ignore
    arg [-export-dynamic] ==> ignore
    arg [-dynamic-linker] ==> ignore
    arg [/lib64/ld-linux-x86-64.so.2] ==> ignore
    arg [-zrelro] ==> ignore
    arg [-o] ==> ignore
    arg [cmTC_fbf82] ==> ignore
    arg [/usr/lib/gcc/x86_64-linux-gnu/5/../../../x86_64-linux-gnu/crt1.o] ==> ignore
    arg [/usr/lib/gcc/x86_64-linux-gnu/5/../../../x86_64-linux-gnu/crti.o] ==> ignore
    arg [/usr/lib/gcc/x86_64-linux-gnu/5/crtbegin.o] ==> ignore
    arg [-L/usr/lib/gcc/x86_64-linux-gnu/5] ==> dir [/usr/lib/gcc/x86_64-linux-gnu/5]
    arg [-L/usr/lib/gcc/x86_64-linux-gnu/5/../../../x86_64-linux-gnu] ==> dir [/usr/lib/gcc/x86_64-linux-gnu/5/../../../x86_64-linux-gnu]
    arg [-L/usr/lib/gcc/x86_64-linux-gnu/5/../../../../lib] ==> dir [/usr/lib/gcc/x86_64-linux-gnu/5/../../../../lib]
    arg [-L/lib/x86_64-linux-gnu] ==> dir [/lib/x86_64-linux-gnu]
    arg [-L/lib/../lib] ==> dir [/lib/../lib]
    arg [-L/usr/lib/x86_64-linux-gnu] ==> dir [/usr/lib/x86_64-linux-gnu]
    arg [-L/usr/lib/../lib] ==> dir [/usr/lib/../lib]
    arg [-L/usr/lib/gcc/x86_64-linux-gnu/5/../../..] ==> dir [/usr/lib/gcc/x86_64-linux-gnu/5/../../..]
    arg [CMakeFiles/cmTC_fbf82.dir/CMakeCCompilerABI.c.o] ==> ignore
    arg [-lgcc] ==> lib [gcc]
    arg [--as-needed] ==> ignore
    arg [-lgcc_s] ==> lib [gcc_s]
    arg [--no-as-needed] ==> ignore
    arg [-lc] ==> lib [c]
    arg [-lgcc] ==> lib [gcc]
    arg [--as-needed] ==> ignore
    arg [-lgcc_s] ==> lib [gcc_s]
    arg [--no-as-needed] ==> ignore
    arg [/usr/lib/gcc/x86_64-linux-gnu/5/crtend.o] ==> ignore
    arg [/usr/lib/gcc/x86_64-linux-gnu/5/../../../x86_64-linux-gnu/crtn.o] ==> ignore
  remove lib [gcc]
  remove lib [gcc_s]
  remove lib [gcc]
  remove lib [gcc_s]
  collapse library dir [/usr/lib/gcc/x86_64-linux-gnu/5] ==> [/usr/lib/gcc/x86_64-linux-gnu/5]
  collapse library dir [/usr/lib/gcc/x86_64-linux-gnu/5/../../../x86_64-linux-gnu] ==> [/usr/lib/x86_64-linux-gnu]
  collapse library dir [/usr/lib/gcc/x86_64-linux-gnu/5/../../../../lib] ==> [/usr/lib]
  collapse library dir [/lib/x86_64-linux-gnu] ==> [/lib/x86_64-linux-gnu]
  collapse library dir [/lib/../lib] ==> [/lib]
  collapse library dir [/usr/lib/x86_64-linux-gnu] ==> [/usr/lib/x86_64-linux-gnu]
  collapse library dir [/usr/lib/../lib] ==> [/usr/lib]
  collapse library dir [/usr/lib/gcc/x86_64-linux-gnu/5/../../..] ==> [/usr/lib]
  implicit libs: [c]
  implicit dirs: [/usr/lib/gcc/x86_64-linux-gnu/5;/usr/lib/x86_64-linux-gnu;/usr/lib;/lib/x86_64-linux-gnu;/lib]
  implicit fwks: []




Detecting C [-std=c11] compiler features compiled with the following output:
Change Dir: /media/gungui/HOC TAP/computer vision/dlib/examples/build/CMakeFiles/CMakeTmp

Run Build Command:"/usr/bin/make" "cmTC_918c8/fast"
/usr/bin/make -f CMakeFiles/cmTC_918c8.dir/build.make CMakeFiles/cmTC_918c8.dir/build
make[1]: Entering directory '/media/gungui/HOC TAP/computer vision/dlib/examples/build/CMakeFiles/CMakeTmp'
Building C object CMakeFiles/cmTC_918c8.dir/feature_tests.c.o
/usr/bin/cc    -std=c11 -o CMakeFiles/cmTC_918c8.dir/feature_tests.c.o   -c "/media/gungui/HOC TAP/computer vision/dlib/examples/build/CMakeFiles/feature_tests.c"
Linking C executable cmTC_918c8
/usr/bin/cmake -E cmake_link_script CMakeFiles/cmTC_918c8.dir/link.txt --verbose=1
/usr/bin/cc       CMakeFiles/cmTC_918c8.dir/feature_tests.c.o  -o cmTC_918c8 -rdynamic 
make[1]: Leaving directory '/media/gungui/HOC TAP/computer vision/dlib/examples/build/CMakeFiles/CMakeTmp'


    Feature record: C_FEATURE:1c_function_prototypes
    Feature record: C_FEATURE:1c_restrict
    Feature record: C_FEATURE:1c_static_assert
    Feature record: C_FEATURE:1c_variadic_macros


Detecting C [-std=c99] compiler features compiled with the following output:
Change Dir: /media/gungui/HOC TAP/computer vision/dlib/examples/build/CMakeFiles/CMakeTmp

Run Build Command:"/usr/bin/make" "cmTC_66593/fast"
/usr/bin/make -f CMakeFiles/cmTC_66593.dir/build.make CMakeFiles/cmTC_66593.dir/build
make[1]: Entering directory '/media/gungui/HOC TAP/computer vision/dlib/examples/build/CMakeFiles/CMakeTmp'
Building C object CMakeFiles/cmTC_66593.dir/feature_tests.c.o
/usr/bin/cc    -std=c99 -o CMakeFiles/cmTC_66593.dir/feature_tests.c.o   -c "/media/gungui/HOC TAP/computer vision/dlib/examples/build/CMakeFiles/feature_tests.c"
Linking C executable cmTC_66593
/usr/bin/cmake -E cmake_link_script CMakeFiles/cmTC_66593.dir/link.txt --verbose=1
/usr/bin/cc       CMakeFiles/cmTC_66593.dir/feature_tests.c.o  -o cmTC_66593 -rdynamic 
make[1]: Leaving directory '/media/gungui/HOC TAP/computer vision/dlib/examples/build/CMakeFiles/CMakeTmp'


    Feature record: C_FEATURE:1c_function_prototypes
    Feature record: C_FEATURE:1c_restrict
    Feature record: C_FEATURE:0c_static_assert
    Feature record: C_FEATURE:1c_variadic_macros


Detecting C [-std=c90] compiler features compiled with the following output:
Change Dir: /media/gungui/HOC TAP/computer vision/dlib/examples/build/CMakeFiles/CMakeTmp

Run Build Command:"/usr/bin/make" "cmTC_6d3e5/fast"
/usr/bin/make -f CMakeFiles/cmTC_6d3e5.dir/build.make CMakeFiles/cmTC_6d3e5.dir/build
make[1]: Entering directory '/media/gungui/HOC TAP/computer vision/dlib/examples/build/CMakeFiles/CMakeTmp'
Building C object CMakeFiles/cmTC_6d3e5.dir/feature_tests.c.o
/usr/bin/cc    -std=c90 -o CMakeFiles/cmTC_6d3e5.dir/feature_tests.c.o   -c "/media/gungui/HOC TAP/computer vision/dlib/examples/build/CMakeFiles/feature_tests.c"
Linking C executable cmTC_6d3e5
/usr/bin/cmake -E cmake_link_script CMakeFiles/cmTC_6d3e5.dir/link.txt --verbose=1
/usr/bin/cc       CMakeFiles/cmTC_6d3e5.dir/feature_tests.c.o  -o cmTC_6d3e5 -rdynamic 
make[1]: Leaving directory '/media/gungui/HOC TAP/computer vision/dlib/examples/build/CMakeFiles/CMakeTmp'


    Feature record: C_FEATURE:1c_function_prototypes
    Feature record: C_FEATURE:0c_restrict
    Feature record: C_FEATURE:0c_static_assert
    Feature record: C_FEATURE:0c_variadic_macros
Determining if the CXX compiler works passed with the following output:
Change Dir: /media/gungui/HOC TAP/computer vision/dlib/examples/build/CMakeFiles/CMakeTmp

Run Build Command:"/usr/bin/make" "cmTC_cb46e/fast"
/usr/bin/make -f CMakeFiles/cmTC_cb46e.dir/build.make CMakeFiles/cmTC_cb46e.dir/build
make[1]: Entering directory '/media/gungui/HOC TAP/computer vision/dlib/examples/build/CMakeFiles/CMakeTmp'
Building CXX object CMakeFiles/cmTC_cb46e.dir/testCXXCompiler.cxx.o
/usr/bin/c++      -o CMakeFiles/cmTC_cb46e.dir/testCXXCompiler.cxx.o -c "/media/gungui/HOC TAP/computer vision/dlib/examples/build/CMakeFiles/CMakeTmp/testCXXCompiler.cxx"
Linking CXX executable cmTC_cb46e
/usr/bin/cmake -E cmake_link_script CMakeFiles/cmTC_cb46e.dir/link.txt --verbose=1
/usr/bin/c++        CMakeFiles/cmTC_cb46e.dir/testCXXCompiler.cxx.o  -o cmTC_cb46e -rdynamic 
make[1]: Leaving directory '/media/gungui/HOC TAP/computer vision/dlib/examples/build/CMakeFiles/CMakeTmp'


Detecting CXX compiler ABI info compiled with the following output:
Change Dir: /media/gungui/HOC TAP/computer vision/dlib/examples/build/CMakeFiles/CMakeTmp

Run Build Command:"/usr/bin/make" "cmTC_83e5d/fast"
/usr/bin/make -f CMakeFiles/cmTC_83e5d.dir/build.make CMakeFiles/cmTC_83e5d.dir/build
make[1]: Entering directory '/media/gungui/HOC TAP/computer vision/dlib/examples/build/CMakeFiles/CMakeTmp'
Building CXX object CMakeFiles/cmTC_83e5d.dir/CMakeCXXCompilerABI.cpp.o
/usr/bin/c++      -o CMakeFiles/cmTC_83e5d.dir/CMakeCXXCompilerABI.cpp.o -c /usr/share/cmake-3.5/Modules/CMakeCXXCompilerABI.cpp
Linking CXX executable cmTC_83e5d
/usr/bin/cmake -E cmake_link_script CMakeFiles/cmTC_83e5d.dir/link.txt --verbose=1
/usr/bin/c++       -v CMakeFiles/cmTC_83e5d.dir/CMakeCXXCompilerABI.cpp.o  -o cmTC_83e5d -rdynamic  
Using built-in specs.
COLLECT_GCC=/usr/bin/c++
COLLECT_LTO_WRAPPER=/usr/lib/gcc/x86_64-linux-gnu/5/lto-wrapper
Target: x86_64-linux-gnu
Configured with: ../src/configure -v --with-pkgversion='Ubuntu 5.4.0-6ubuntu1~16.04.9' --with-bugurl=file:///usr/share/doc/gcc-5/README.Bugs --enable-languages=c,ada,c++,java,go,d,fortran,objc,obj-c++ --prefix=/usr --program-suffix=-5 --enable-shared --enable-linker-build-id --libexecdir=/usr/lib --without-included-gettext --enable-threads=posix --libdir=/usr/lib --enable-nls --with-sysroot=/ --enable-clocale=gnu --enable-libstdcxx-debug --enable-libstdcxx-time=yes --with-default-libstdcxx-abi=new --enable-gnu-unique-object --disable-vtable-verify --enable-libmpx --enable-plugin --with-system-zlib --disable-browser-plugin --enable-java-awt=gtk --enable-gtk-cairo --with-java-home=/usr/lib/jvm/java-1.5.0-gcj-5-amd64/jre --enable-java-home --with-jvm-root-dir=/usr/lib/jvm/java-1.5.0-gcj-5-amd64 --with-jvm-jar-dir=/usr/lib/jvm-exports/java-1.5.0-gcj-5-amd64 --with-arch-directory=amd64 --with-ecj-jar=/usr/share/java/eclipse-ecj.jar --enable-objc-gc --enable-multiarch --disable-werror --with-arch-32=i686 --with-abi=m64 --with-multilib-list=m32,m64,mx32 --enable-multilib --with-tune=generic --enable-checking=release --build=x86_64-linux-gnu --host=x86_64-linux-gnu --target=x86_64-linux-gnu
Thread model: posix
gcc version 5.4.0 20160609 (Ubuntu 5.4.0-6ubuntu1~16.04.9) 
COMPILER_PATH=/usr/lib/gcc/x86_64-linux-gnu/5/:/usr/lib/gcc/x86_64-linux-gnu/5/:/usr/lib/gcc/x86_64-linux-gnu/:/usr/lib/gcc/x86_64-linux-gnu/5/:/usr/lib/gcc/x86_64-linux-gnu/
LIBRARY_PATH=/usr/lib/gcc/x86_64-linux-gnu/5/:/usr/lib/gcc/x86_64-linux-gnu/5/../../../x86_64-linux-gnu/:/usr/lib/gcc/x86_64-linux-gnu/5/../../../../lib/:/lib/x86_64-linux-gnu/:/lib/../lib/:/usr/lib/x86_64-linux-gnu/:/usr/lib/../lib/:/usr/lib/gcc/x86_64-linux-gnu/5/../../../:/lib/:/usr/lib/
COLLECT_GCC_OPTIONS='-v' '-o' 'cmTC_83e5d' '-rdynamic' '-shared-libgcc' '-mtune=generic' '-march=x86-64'
 /usr/lib/gcc/x86_64-linux-gnu/5/collect2 -plugin /usr/lib/gcc/x86_64-linux-gnu/5/liblto_plugin.so -plugin-opt=/usr/lib/gcc/x86_64-linux-gnu/5/lto-wrapper -plugin-opt=-fresolution=/tmp/ccKBOEtU.res -plugin-opt=-pass-through=-lgcc_s -plugin-opt=-pass-through=-lgcc -plugin-opt=-pass-through=-lc -plugin-opt=-pass-through=-lgcc_s -plugin-opt=-pass-through=-lgcc --sysroot=/ --build-id --eh-frame-hdr -m elf_x86_64 --hash-style=gnu --as-needed -export-dynamic -dynamic-linker /lib64/ld-linux-x86-64.so.2 -z relro -o cmTC_83e5d /usr/lib/gcc/x86_64-linux-gnu/5/../../../x86_64-linux-gnu/crt1.o /usr/lib/gcc/x86_64-linux-gnu/5/../../../x86_64-linux-gnu/crti.o /usr/lib/gcc/x86_64-linux-gnu/5/crtbegin.o -L/usr/lib/gcc/x86_64-linux-gnu/5 -L/usr/lib/gcc/x86_64-linux-gnu/5/../../../x86_64-linux-gnu -L/usr/lib/gcc/x86_64-linux-gnu/5/../../../../lib -L/lib/x86_64-linux-gnu -L/lib/../lib -L/usr/lib/x86_64-linux-gnu -L/usr/lib/../lib -L/usr/lib/gcc/x86_64-linux-gnu/5/../../.. CMakeFiles/cmTC_83e5d.dir/CMakeCXXCompilerABI.cpp.o -lstdc++ -lm -lgcc_s -lgcc -lc -lgcc_s -lgcc /usr/lib/gcc/x86_64-linux-gnu/5/crtend.o /usr/lib/gcc/x86_64-linux-gnu/5/../../../x86_64-linux-gnu/crtn.o
make[1]: Leaving directory '/media/gungui/HOC TAP/computer vision/dlib/examples/build/CMakeFiles/CMakeTmp'


Parsed CXX implicit link information from above output:
  link line regex: [^( *|.*[/\])(ld|([^/\]+-)?ld|collect2)[^/\]*( |$)]
  ignore line: [Change Dir: /media/gungui/HOC TAP/computer vision/dlib/examples/build/CMakeFiles/CMakeTmp]
  ignore line: []
  ignore line: [Run Build Command:"/usr/bin/make" "cmTC_83e5d/fast"]
  ignore line: [/usr/bin/make -f CMakeFiles/cmTC_83e5d.dir/build.make CMakeFiles/cmTC_83e5d.dir/build]
  ignore line: [make[1]: Entering directory '/media/gungui/HOC TAP/computer vision/dlib/examples/build/CMakeFiles/CMakeTmp']
  ignore line: [Building CXX object CMakeFiles/cmTC_83e5d.dir/CMakeCXXCompilerABI.cpp.o]
  ignore line: [/usr/bin/c++      -o CMakeFiles/cmTC_83e5d.dir/CMakeCXXCompilerABI.cpp.o -c /usr/share/cmake-3.5/Modules/CMakeCXXCompilerABI.cpp]
  ignore line: [Linking CXX executable cmTC_83e5d]
  ignore line: [/usr/bin/cmake -E cmake_link_script CMakeFiles/cmTC_83e5d.dir/link.txt --verbose=1]
  ignore line: [/usr/bin/c++       -v CMakeFiles/cmTC_83e5d.dir/CMakeCXXCompilerABI.cpp.o  -o cmTC_83e5d -rdynamic  ]
  ignore line: [Using built-in specs.]
  ignore line: [COLLECT_GCC=/usr/bin/c++]
  ignore line: [COLLECT_LTO_WRAPPER=/usr/lib/gcc/x86_64-linux-gnu/5/lto-wrapper]
  ignore line: [Target: x86_64-linux-gnu]
  ignore line: [Configured with: ../src/configure -v --with-pkgversion='Ubuntu 5.4.0-6ubuntu1~16.04.9' --with-bugurl=file:///usr/share/doc/gcc-5/README.Bugs --enable-languages=c,ada,c++,java,go,d,fortran,objc,obj-c++ --prefix=/usr --program-suffix=-5 --enable-shared --enable-linker-build-id --libexecdir=/usr/lib --without-included-gettext --enable-threads=posix --libdir=/usr/lib --enable-nls --with-sysroot=/ --enable-clocale=gnu --enable-libstdcxx-debug --enable-libstdcxx-time=yes --with-default-libstdcxx-abi=new --enable-gnu-unique-object --disable-vtable-verify --enable-libmpx --enable-plugin --with-system-zlib --disable-browser-plugin --enable-java-awt=gtk --enable-gtk-cairo --with-java-home=/usr/lib/jvm/java-1.5.0-gcj-5-amd64/jre --enable-java-home --with-jvm-root-dir=/usr/lib/jvm/java-1.5.0-gcj-5-amd64 --with-jvm-jar-dir=/usr/lib/jvm-exports/java-1.5.0-gcj-5-amd64 --with-arch-directory=amd64 --with-ecj-jar=/usr/share/java/eclipse-ecj.jar --enable-objc-gc --enable-multiarch --disable-werror --with-arch-32=i686 --with-abi=m64 --with-multilib-list=m32,m64,mx32 --enable-multilib --with-tune=generic --enable-checking=release --build=x86_64-linux-gnu --host=x86_64-linux-gnu --target=x86_64-linux-gnu]
  ignore line: [Thread model: posix]
  ignore line: [gcc version 5.4.0 20160609 (Ubuntu 5.4.0-6ubuntu1~16.04.9) ]
  ignore line: [COMPILER_PATH=/usr/lib/gcc/x86_64-linux-gnu/5/:/usr/lib/gcc/x86_64-linux-gnu/5/:/usr/lib/gcc/x86_64-linux-gnu/:/usr/lib/gcc/x86_64-linux-gnu/5/:/usr/lib/gcc/x86_64-linux-gnu/]
  ignore line: [LIBRARY_PATH=/usr/lib/gcc/x86_64-linux-gnu/5/:/usr/lib/gcc/x86_64-linux-gnu/5/../../../x86_64-linux-gnu/:/usr/lib/gcc/x86_64-linux-gnu/5/../../../../lib/:/lib/x86_64-linux-gnu/:/lib/../lib/:/usr/lib/x86_64-linux-gnu/:/usr/lib/../lib/:/usr/lib/gcc/x86_64-linux-gnu/5/../../../:/lib/:/usr/lib/]
  ignore line: [COLLECT_GCC_OPTIONS='-v' '-o' 'cmTC_83e5d' '-rdynamic' '-shared-libgcc' '-mtune=generic' '-march=x86-64']
  link line: [ /usr/lib/gcc/x86_64-linux-gnu/5/collect2 -plugin /usr/lib/gcc/x86_64-linux-gnu/5/liblto_plugin.so -plugin-opt=/usr/lib/gcc/x86_64-linux-gnu/5/lto-wrapper -plugin-opt=-fresolution=/tmp/ccKBOEtU.res -plugin-opt=-pass-through=-lgcc_s -plugin-opt=-pass-through=-lgcc -plugin-opt=-pass-through=-lc -plugin-opt=-pass-through=-lgcc_s -plugin-opt=-pass-through=-lgcc --sysroot=/ --build-id --eh-frame-hdr -m elf_x86_64 --hash-style=gnu --as-needed -export-dynamic -dynamic-linker /lib64/ld-linux-x86-64.so.2 -z relro -o cmTC_83e5d /usr/lib/gcc/x86_64-linux-gnu/5/../../../x86_64-linux-gnu/crt1.o /usr/lib/gcc/x86_64-linux-gnu/5/../../../x86_64-linux-gnu/crti.o /usr/lib/gcc/x86_64-linux-gnu/5/crtbegin.o -L/usr/lib/gcc/x86_64-linux-gnu/5 -L/usr/lib/gcc/x86_64-linux-gnu/5/../../../x86_64-linux-gnu -L/usr/lib/gcc/x86_64-linux-gnu/5/../../../../lib -L/lib/x86_64-linux-gnu -L/lib/../lib -L/usr/lib/x86_64-linux-gnu -L/usr/lib/../lib -L/usr/lib/gcc/x86_64-linux-gnu/5/../../.. CMakeFiles/cmTC_83e5d.dir/CMakeCXXCompilerABI.cpp.o -lstdc++ -lm -lgcc_s -lgcc -lc -lgcc_s -lgcc /usr/lib/gcc/x86_64-linux-gnu/5/crtend.o /usr/lib/gcc/x86_64-linux-gnu/5/../../../x86_64-linux-gnu/crtn.o]
    arg [/usr/lib/gcc/x86_64-linux-gnu/5/collect2] ==> ignore
    arg [-plugin] ==> ignore
    arg [/usr/lib/gcc/x86_64-linux-gnu/5/liblto_plugin.so] ==> ignore
    arg [-plugin-opt=/usr/lib/gcc/x86_64-linux-gnu/5/lto-wrapper] ==> ignore
    arg [-plugin-opt=-fresolution=/tmp/ccKBOEtU.res] ==> ignore
    arg [-plugin-opt=-pass-through=-lgcc_s] ==> ignore
    arg [-plugin-opt=-pass-through=-lgcc] ==> ignore
    arg [-plugin-opt=-pass-through=-lc] ==> ignore
    arg [-plugin-opt=-pass-through=-lgcc_s] ==> ignore
    arg [-plugin-opt=-pass-through=-lgcc] ==> ignore
    arg [--sysroot=/] ==> ignore
    arg [--build-id] ==> ignore
    arg [--eh-frame-hdr] ==> ignore
    arg [-m] ==> ignore
    arg [elf_x86_64] ==> ignore
    arg [--hash-style=gnu] ==> ignore
    arg [--as-needed] ==> ignore
    arg [-export-dynamic] ==> ignore
    arg [-dynamic-linker] ==> ignore
    arg [/lib64/ld-linux-x86-64.so.2] ==> ignore
    arg [-zrelro] ==> ignore
    arg [-o] ==> ignore
    arg [cmTC_83e5d] ==> ignore
    arg [/usr/lib/gcc/x86_64-linux-gnu/5/../../../x86_64-linux-gnu/crt1.o] ==> ignore
    arg [/usr/lib/gcc/x86_64-linux-gnu/5/../../../x86_64-linux-gnu/crti.o] ==> ignore
    arg [/usr/lib/gcc/x86_64-linux-gnu/5/crtbegin.o] ==> ignore
    arg [-L/usr/lib/gcc/x86_64-linux-gnu/5] ==> dir [/usr/lib/gcc/x86_64-linux-gnu/5]
    arg [-L/usr/lib/gcc/x86_64-linux-gnu/5/../../../x86_64-linux-gnu] ==> dir [/usr/lib/gcc/x86_64-linux-gnu/5/../../../x86_64-linux-gnu]
    arg [-L/usr/lib/gcc/x86_64-linux-gnu/5/../../../../lib] ==> dir [/usr/lib/gcc/x86_64-linux-gnu/5/../../../../lib]
    arg [-L/lib/x86_64-linux-gnu] ==> dir [/lib/x86_64-linux-gnu]
    arg [-L/lib/../lib] ==> dir [/lib/../lib]
    arg [-L/usr/lib/x86_64-linux-gnu] ==> dir [/usr/lib/x86_64-linux-gnu]
    arg [-L/usr/lib/../lib] ==> dir [/usr/lib/../lib]
    arg [-L/usr/lib/gcc/x86_64-linux-gnu/5/../../..] ==> dir [/usr/lib/gcc/x86_64-linux-gnu/5/../../..]
    arg [CMakeFiles/cmTC_83e5d.dir/CMakeCXXCompilerABI.cpp.o] ==> ignore
    arg [-lstdc++] ==> lib [stdc++]
    arg [-lm] ==> lib [m]
    arg [-lgcc_s] ==> lib [gcc_s]
    arg [-lgcc] ==> lib [gcc]
    arg [-lc] ==> lib [c]
    arg [-lgcc_s] ==> lib [gcc_s]
    arg [-lgcc] ==> lib [gcc]
    arg [/usr/lib/gcc/x86_64-linux-gnu/5/crtend.o] ==> ignore
    arg [/usr/lib/gcc/x86_64-linux-gnu/5/../../../x86_64-linux-gnu/crtn.o] ==> ignore
  remove lib [gcc_s]
  remove lib [gcc]
  remove lib [gcc_s]
  remove lib [gcc]
  collapse library dir [/usr/lib/gcc/x86_64-linux-gnu/5] ==> [/usr/lib/gcc/x86_64-linux-gnu/5]
  collapse library dir [/usr/lib/gcc/x86_64-linux-gnu/5/../../../x86_64-linux-gnu] ==> [/usr/lib/x86_64-linux-gnu]
  collapse library dir [/usr/lib/gcc/x86_64-linux-gnu/5/../../../../lib] ==> [/usr/lib]
  collapse library dir [/lib/x86_64-linux-gnu] ==> [/lib/x86_64-linux-gnu]
  collapse library dir [/lib/../lib] ==> [/lib]
  collapse library dir [/usr/lib/x86_64-linux-gnu] ==> [/usr/lib/x86_64-linux-gnu]
  collapse library dir [/usr/lib/../lib] ==> [/usr/lib]
  collapse library dir [/usr/lib/gcc/x86_64-linux-gnu/5/../../..] ==> [/usr/lib]
  implicit libs: [stdc++;m;c]
  implicit dirs: [/usr/lib/gcc/x86_64-linux-gnu/5;/usr/lib/x86_64-linux-gnu;/usr/lib;/lib/x86_64-linux-gnu;/lib]
  implicit fwks: []




Detecting CXX [-std=c++14] compiler features compiled with the following output:
Change Dir: /media/gungui/HOC TAP/computer vision/dlib/examples/build/CMakeFiles/CMakeTmp

Run Build Command:"/usr/bin/make" "cmTC_fa0b6/fast"
/usr/bin/make -f CMakeFiles/cmTC_fa0b6.dir/build.make CMakeFiles/cmTC_fa0b6.dir/build
make[1]: Entering directory '/media/gungui/HOC TAP/computer vision/dlib/examples/build/CMakeFiles/CMakeTmp'
Building CXX object CMakeFiles/cmTC_fa0b6.dir/feature_tests.cxx.o
/usr/bin/c++     -std=c++14 -o CMakeFiles/cmTC_fa0b6.dir/feature_tests.cxx.o -c "/media/gungui/HOC TAP/computer vision/dlib/examples/build/CMakeFiles/feature_tests.cxx"
Linking CXX executable cmTC_fa0b6
/usr/bin/cmake -E cmake_link_script CMakeFiles/cmTC_fa0b6.dir/link.txt --verbose=1
/usr/bin/c++        CMakeFiles/cmTC_fa0b6.dir/feature_tests.cxx.o  -o cmTC_fa0b6 -rdynamic 
make[1]: Leaving directory '/media/gungui/HOC TAP/computer vision/dlib/examples/build/CMakeFiles/CMakeTmp'


    Feature record: CXX_FEATURE:1cxx_aggregate_default_initializers
    Feature record: CXX_FEATURE:1cxx_alias_templates
    Feature record: CXX_FEATURE:1cxx_alignas
    Feature record: CXX_FEATURE:1cxx_alignof
    Feature record: CXX_FEATURE:1cxx_attributes
    Feature record: CXX_FEATURE:1cxx_attribute_deprecated
    Feature record: CXX_FEATURE:1cxx_auto_type
    Feature record: CXX_FEATURE:1cxx_binary_literals
    Feature record: CXX_FEATURE:1cxx_constexpr
    Feature record: CXX_FEATURE:1cxx_contextual_conversions
    Feature record: CXX_FEATURE:1cxx_decltype
    Feature record: CXX_FEATURE:1cxx_decltype_auto
    Feature record: CXX_FEATURE:1cxx_decltype_incomplete_return_types
    Feature record: CXX_FEATURE:1cxx_default_function_template_args
    Feature record: CXX_FEATURE:1cxx_defaulted_functions
    Feature record: CXX_FEATURE:1cxx_defaulted_move_initializers
    Feature record: CXX_FEATURE:1cxx_delegating_constructors
    Feature record: CXX_FEATURE:1cxx_deleted_functions
    Feature record: CXX_FEATURE:1cxx_digit_separators
    Feature record: CXX_FEATURE:1cxx_enum_forward_declarations
    Feature record: CXX_FEATURE:1cxx_explicit_conversions
    Feature record: CXX_FEATURE:1cxx_extended_friend_declarations
    Feature record: CXX_FEATURE:1cxx_extern_templates
    Feature record: CXX_FEATURE:1cxx_final
    Feature record: CXX_FEATURE:1cxx_func_identifier
    Feature record: CXX_FEATURE:1cxx_generalized_initializers
    Feature record: CXX_FEATURE:1cxx_generic_lambdas
    Feature record: CXX_FEATURE:1cxx_inheriting_constructors
    Feature record: CXX_FEATURE:1cxx_inline_namespaces
    Feature record: CXX_FEATURE:1cxx_lambdas
    Feature record: CXX_FEATURE:1cxx_lambda_init_captures
    Feature record: CXX_FEATURE:1cxx_local_type_template_args
    Feature record: CXX_FEATURE:1cxx_long_long_type
    Feature record: CXX_FEATURE:1cxx_noexcept
    Feature record: CXX_FEATURE:1cxx_nonstatic_member_init
    Feature record: CXX_FEATURE:1cxx_nullptr
    Feature record: CXX_FEATURE:1cxx_override
    Feature record: CXX_FEATURE:1cxx_range_for
    Feature record: CXX_FEATURE:1cxx_raw_string_literals
    Feature record: CXX_FEATURE:1cxx_reference_qualified_functions
    Feature record: CXX_FEATURE:1cxx_relaxed_constexpr
    Feature record: CXX_FEATURE:1cxx_return_type_deduction
    Feature record: CXX_FEATURE:1cxx_right_angle_brackets
    Feature record: CXX_FEATURE:1cxx_rvalue_references
    Feature record: CXX_FEATURE:1cxx_sizeof_member
    Feature record: CXX_FEATURE:1cxx_static_assert
    Feature record: CXX_FEATURE:1cxx_strong_enums
    Feature record: CXX_FEATURE:1cxx_template_template_parameters
    Feature record: CXX_FEATURE:1cxx_thread_local
    Feature record: CXX_FEATURE:1cxx_trailing_return_types
    Feature record: CXX_FEATURE:1cxx_unicode_literals
    Feature record: CXX_FEATURE:1cxx_uniform_initialization
    Feature record: CXX_FEATURE:1cxx_unrestricted_unions
    Feature record: CXX_FEATURE:1cxx_user_literals
    Feature record: CXX_FEATURE:1cxx_variable_templates
    Feature record: CXX_FEATURE:1cxx_variadic_macros
    Feature record: CXX_FEATURE:1cxx_variadic_templates


Detecting CXX [-std=c++11] compiler features compiled with the following output:
Change Dir: /media/gungui/HOC TAP/computer vision/dlib/examples/build/CMakeFiles/CMakeTmp

Run Build Command:"/usr/bin/make" "cmTC_18edf/fast"
/usr/bin/make -f CMakeFiles/cmTC_18edf.dir/build.make CMakeFiles/cmTC_18edf.dir/build
make[1]: Entering directory '/media/gungui/HOC TAP/computer vision/dlib/examples/build/CMakeFiles/CMakeTmp'
Building CXX object CMakeFiles/cmTC_18edf.dir/feature_tests.cxx.o
/usr/bin/c++     -std=c++11 -o CMakeFiles/cmTC_18edf.dir/feature_tests.cxx.o -c "/media/gungui/HOC TAP/computer vision/dlib/examples/build/CMakeFiles/feature_tests.cxx"
Linking CXX executable cmTC_18edf
/usr/bin/cmake -E cmake_link_script CMakeFiles/cmTC_18edf.dir/link.txt --verbose=1
/usr/bin/c++        CMakeFiles/cmTC_18edf.dir/feature_tests.cxx.o  -o cmTC_18edf -rdynamic 
make[1]: Leaving directory '/media/gungui/HOC TAP/computer vision/dlib/examples/build/CMakeFiles/CMakeTmp'


    Feature record: CXX_FEATURE:0cxx_aggregate_default_initializers
    Feature record: CXX_FEATURE:1cxx_alias_templates
    Feature record: CXX_FEATURE:1cxx_alignas
    Feature record: CXX_FEATURE:1cxx_alignof
    Feature record: CXX_FEATURE:1cxx_attributes
    Feature record: CXX_FEATURE:0cxx_attribute_deprecated
    Feature record: CXX_FEATURE:1cxx_auto_type
    Feature record: CXX_FEATURE:0cxx_binary_literals
    Feature record: CXX_FEATURE:1cxx_constexpr
    Feature record: CXX_FEATURE:0cxx_contextual_conversions
    Feature record: CXX_FEATURE:1cxx_decltype
    Feature record: CXX_FEATURE:0cxx_decltype_auto
    Feature record: CXX_FEATURE:1cxx_decltype_incomplete_return_types
    Feature record: CXX_FEATURE:1cxx_default_function_template_args
    Feature record: CXX_FEATURE:1cxx_defaulted_functions
    Feature record: CXX_FEATURE:1cxx_defaulted_move_initializers
    Feature record: CXX_FEATURE:1cxx_delegating_constructors
    Feature record: CXX_FEATURE:1cxx_deleted_functions
    Feature record: CXX_FEATURE:0cxx_digit_separators
    Feature record: CXX_FEATURE:1cxx_enum_forward_declarations
    Feature record: CXX_FEATURE:1cxx_explicit_conversions
    Feature record: CXX_FEATURE:1cxx_extended_friend_declarations
    Feature record: CXX_FEATURE:1cxx_extern_templates
    Feature record: CXX_FEATURE:1cxx_final
    Feature record: CXX_FEATURE:1cxx_func_identifier
    Feature record: CXX_FEATURE:1cxx_generalized_initializers
    Feature record: CXX_FEATURE:0cxx_generic_lambdas
    Feature record: CXX_FEATURE:1cxx_inheriting_constructors
    Feature record: CXX_FEATURE:1cxx_inline_namespaces
    Feature record: CXX_FEATURE:1cxx_lambdas
    Feature record: CXX_FEATURE:0cxx_lambda_init_captures
    Feature record: CXX_FEATURE:1cxx_local_type_template_args
    Feature record: CXX_FEATURE:1cxx_long_long_type
    Feature record: CXX_FEATURE:1cxx_noexcept
    Feature record: CXX_FEATURE:1cxx_nonstatic_member_init
    Feature record: CXX_FEATURE:1cxx_nullptr
    Feature record: CXX_FEATURE:1cxx_override
    Feature record: CXX_FEATURE:1cxx_range_for
    Feature record: CXX_FEATURE:1cxx_raw_string_literals
    Feature record: CXX_FEATURE:1cxx_reference_qualified_functions
    Feature record: CXX_FEATURE:0cxx_relaxed_constexpr
    Feature record: CXX_FEATURE:0cxx_return_type_deduction
    Feature record: CXX_FEATURE:1cxx_right_angle_brackets
    Feature record: CXX_FEATURE:1cxx_rvalue_references
    Feature record: CXX_FEATURE:1cxx_sizeof_member
    Feature record: CXX_FEATURE:1cxx_static_assert
    Feature record: CXX_FEATURE:1cxx_strong_enums
    Feature record: CXX_FEATURE:1cxx_template_template_parameters
    Feature record: CXX_FEATURE:1cxx_thread_local
    Feature record: CXX_FEATURE:1cxx_trailing_return_types
    Feature record: CXX_FEATURE:1cxx_unicode_literals
    Feature record: CXX_FEATURE:1cxx_uniform_initialization
    Feature record: CXX_FEATURE:1cxx_unrestricted_unions
    Feature record: CXX_FEATURE:1cxx_user_literals
    Feature record: CXX_FEATURE:0cxx_variable_templates
    Feature record: CXX_FEATURE:1cxx_variadic_macros
    Feature record: CXX_FEATURE:1cxx_variadic_templates


Detecting CXX [-std=c++98] compiler features compiled with the following output:
Change Dir: /media/gungui/HOC TAP/computer vision/dlib/examples/build/CMakeFiles/CMakeTmp

Run Build Command:"/usr/bin/make" "cmTC_52fab/fast"
/usr/bin/make -f CMakeFiles/cmTC_52fab.dir/build.make CMakeFiles/cmTC_52fab.dir/build
make[1]: Entering directory '/media/gungui/HOC TAP/computer vision/dlib/examples/build/CMakeFiles/CMakeTmp'
Building CXX object CMakeFiles/cmTC_52fab.dir/feature_tests.cxx.o
/usr/bin/c++     -std=c++98 -o CMakeFiles/cmTC_52fab.dir/feature_tests.cxx.o -c "/media/gungui/HOC TAP/computer vision/dlib/examples/build/CMakeFiles/feature_tests.cxx"
Linking CXX executable cmTC_52fab
/usr/bin/cmake -E cmake_link_script CMakeFiles/cmTC_52fab.dir/link.txt --verbose=1
/usr/bin/c++        CMakeFiles/cmTC_52fab.dir/feature_tests.cxx.o  -o cmTC_52fab -rdynamic 
make[1]: Leaving directory '/media/gungui/HOC TAP/computer vision/dlib/examples/build/CMakeFiles/CMakeTmp'


    Feature record: CXX_FEATURE:0cxx_aggregate_default_initializers
    Feature record: CXX_FEATURE:0cxx_alias_templates
    Feature record: CXX_FEATURE:0cxx_alignas
    Feature record: CXX_FEATURE:0cxx_alignof
    Feature record: CXX_FEATURE:0cxx_attributes
    Feature record: CXX_FEATURE:0cxx_attribute_deprecated
    Feature record: CXX_FEATURE:0cxx_auto_type
    Feature record: CXX_FEATURE:0cxx_binary_literals
    Feature record: CXX_FEATURE:0cxx_constexpr
    Feature record: CXX_FEATURE:0cxx_contextual_conversions
    Feature record: CXX_FEATURE:0cxx_decltype
    Feature record: CXX_FEATURE:0cxx_decltype_auto
    Feature record: CXX_FEATURE:0cxx_decltype_incomplete_return_types
    Feature record: CXX_FEATURE:0cxx_default_function_template_args
    Feature record: CXX_FEATURE:0cxx_defaulted_functions
    Feature record: CXX_FEATURE:0cxx_defaulted_move_initializers
    Feature record: CXX_FEATURE:0cxx_delegating_constructors
    Feature record: CXX_FEATURE:0cxx_deleted_functions
    Feature record: CXX_FEATURE:0cxx_digit_separators
    Feature record: CXX_FEATURE:0cxx_enum_forward_declarations
    Feature record: CXX_FEATURE:0cxx_explicit_conversions
    Feature record: CXX_FEATURE:0cxx_extended_friend_declarations
    Feature record: CXX_FEATURE:0cxx_extern_templates
    Feature record: CXX_FEATURE:0cxx_final
    Feature record: CXX_FEATURE:0cxx_func_identifier
    Feature record: CXX_FEATURE:0cxx_generalized_initializers
    Feature record: CXX_FEATURE:0cxx_generic_lambdas
    Feature record: CXX_FEATURE:0cxx_inheriting_constructors
    Feature record: CXX_FEATURE:0cxx_inline_namespaces
    Feature record: CXX_FEATURE:0cxx_lambdas
    Feature record: CXX_FEATURE:0cxx_lambda_init_captures
    Feature record: CXX_FEATURE:0cxx_local_type_template_args
    Feature record: CXX_FEATURE:0cxx_long_long_type
    Feature record: CXX_FEATURE:0cxx_noexcept
    Feature record: CXX_FEATURE:0cxx_nonstatic_member_init
    Feature record: CXX_FEATURE:0cxx_nullptr
    Feature record: CXX_FEATURE:0cxx_override
    Feature record: CXX_FEATURE:0cxx_range_for
    Feature record: CXX_FEATURE:0cxx_raw_string_literals
    Feature record: CXX_FEATURE:0cxx_reference_qualified_functions
    Feature record: CXX_FEATURE:0cxx_relaxed_constexpr
    Feature record: CXX_FEATURE:0cxx_return_type_deduction
    Feature record: CXX_FEATURE:0cxx_right_angle_brackets
    Feature record: CXX_FEATURE:0cxx_rvalue_references
    Feature record: CXX_FEATURE:0cxx_sizeof_member
    Feature record: CXX_FEATURE:0cxx_static_assert
    Feature record: CXX_FEATURE:0cxx_strong_enums
    Feature record: CXX_FEATURE:1cxx_template_template_parameters
    Feature record: CXX_FEATURE:0cxx_thread_local
    Feature record: CXX_FEATURE:0cxx_trailing_return_types
    Feature record: CXX_FEATURE:0cxx_unicode_literals
    Feature record: CXX_FEATURE:0cxx_uniform_initialization
    Feature record: CXX_FEATURE:0cxx_unrestricted_unions
    Feature record: CXX_FEATURE:0cxx_user_literals
    Feature record: CXX_FEATURE:0cxx_variable_templates
    Feature record: CXX_FEATURE:0cxx_variadic_macros
    Feature record: CXX_FEATURE:0cxx_variadic_templates
Determining if the include file pthread.h exists passed with the following output:
Change Dir: /media/gungui/HOC TAP/computer vision/dlib/examples/build/CMakeFiles/CMakeTmp

Run Build Command:"/usr/bin/make" "cmTC_d550e/fast"
/usr/bin/make -f CMakeFiles/cmTC_d550e.dir/build.make CMakeFiles/cmTC_d550e.dir/build
make[1]: Entering directory '/media/gungui/HOC TAP/computer vision/dlib/examples/build/CMakeFiles/CMakeTmp'
Building C object CMakeFiles/cmTC_d550e.dir/CheckIncludeFile.c.o
/usr/bin/cc     -o CMakeFiles/cmTC_d550e.dir/CheckIncludeFile.c.o   -c "/media/gungui/HOC TAP/computer vision/dlib/examples/build/CMakeFiles/CMakeTmp/CheckIncludeFile.c"
Linking C executable cmTC_d550e
/usr/bin/cmake -E cmake_link_script CMakeFiles/cmTC_d550e.dir/link.txt --verbose=1
/usr/bin/cc       CMakeFiles/cmTC_d550e.dir/CheckIncludeFile.c.o  -o cmTC_d550e -rdynamic 
make[1]: Leaving directory '/media/gungui/HOC TAP/computer vision/dlib/examples/build/CMakeFiles/CMakeTmp'


Determining if the function pthread_create exists in the pthread passed with the following output:
Change Dir: /media/gungui/HOC TAP/computer vision/dlib/examples/build/CMakeFiles/CMakeTmp

Run Build Command:"/usr/bin/make" "cmTC_2c70f/fast"
/usr/bin/make -f CMakeFiles/cmTC_2c70f.dir/build.make CMakeFiles/cmTC_2c70f.dir/build
make[1]: Entering directory '/media/gungui/HOC TAP/computer vision/dlib/examples/build/CMakeFiles/CMakeTmp'
Building C object CMakeFiles/cmTC_2c70f.dir/CheckFunctionExists.c.o
/usr/bin/cc    -DCHECK_FUNCTION_EXISTS=pthread_create   -o CMakeFiles/cmTC_2c70f.dir/CheckFunctionExists.c.o   -c /usr/share/cmake-3.5/Modules/CheckFunctionExists.c
Linking C executable cmTC_2c70f
/usr/bin/cmake -E cmake_link_script CMakeFiles/cmTC_2c70f.dir/link.txt --verbose=1
/usr/bin/cc   -DCHECK_FUNCTION_EXISTS=pthread_create    CMakeFiles/cmTC_2c70f.dir/CheckFunctionExists.c.o  -o cmTC_2c70f -rdynamic -lpthread 
make[1]: Leaving directory '/media/gungui/HOC TAP/computer vision/dlib/examples/build/CMakeFiles/CMakeTmp'


Determining if the function XOpenDisplay exists in the /usr/lib/x86_64-linux-gnu/libX11.so;/usr/lib/x86_64-linux-gnu/libXext.so passed with the following output:
Change Dir: /media/gungui/HOC TAP/computer vision/dlib/examples/build/CMakeFiles/CMakeTmp

Run Build Command:"/usr/bin/make" "cmTC_159b8/fast"
/usr/bin/make -f CMakeFiles/cmTC_159b8.dir/build.make CMakeFiles/cmTC_159b8.dir/build
make[1]: Entering directory '/media/gungui/HOC TAP/computer vision/dlib/examples/build/CMakeFiles/CMakeTmp'
Building C object CMakeFiles/cmTC_159b8.dir/CheckFunctionExists.c.o
/usr/bin/cc    -DCHECK_FUNCTION_EXISTS=XOpenDisplay   -o CMakeFiles/cmTC_159b8.dir/CheckFunctionExists.c.o   -c /usr/share/cmake-3.5/Modules/CheckFunctionExists.c
Linking C executable cmTC_159b8
/usr/bin/cmake -E cmake_link_script CMakeFiles/cmTC_159b8.dir/link.txt --verbose=1
/usr/bin/cc   -DCHECK_FUNCTION_EXISTS=XOpenDisplay    CMakeFiles/cmTC_159b8.dir/CheckFunctionExists.c.o  -o cmTC_159b8 -rdynamic /usr/lib/x86_64-linux-gnu/libX11.so /usr/lib/x86_64-linux-gnu/libXext.so 
make[1]: Leaving directory '/media/gungui/HOC TAP/computer vision/dlib/examples/build/CMakeFiles/CMakeTmp'


Determining if the function gethostbyname exists passed with the following output:
Change Dir: /media/gungui/HOC TAP/computer vision/dlib/examples/build/CMakeFiles/CMakeTmp

Run Build Command:"/usr/bin/make" "cmTC_9a173/fast"
/usr/bin/make -f CMakeFiles/cmTC_9a173.dir/build.make CMakeFiles/cmTC_9a173.dir/build
make[1]: Entering directory '/media/gungui/HOC TAP/computer vision/dlib/examples/build/CMakeFiles/CMakeTmp'
Building C object CMakeFiles/cmTC_9a173.dir/CheckFunctionExists.c.o
/usr/bin/cc    -DCHECK_FUNCTION_EXISTS=gethostbyname   -o CMakeFiles/cmTC_9a173.dir/CheckFunctionExists.c.o   -c /usr/share/cmake-3.5/Modules/CheckFunctionExists.c
Linking C executable cmTC_9a173
/usr/bin/cmake -E cmake_link_script CMakeFiles/cmTC_9a173.dir/link.txt --verbose=1
/usr/bin/cc   -DCHECK_FUNCTION_EXISTS=gethostbyname    CMakeFiles/cmTC_9a173.dir/CheckFunctionExists.c.o  -o cmTC_9a173 -rdynamic 
make[1]: Leaving directory '/media/gungui/HOC TAP/computer vision/dlib/examples/build/CMakeFiles/CMakeTmp'


Determining if the function connect exists passed with the following output:
Change Dir: /media/gungui/HOC TAP/computer vision/dlib/examples/build/CMakeFiles/CMakeTmp

Run Build Command:"/usr/bin/make" "cmTC_f925c/fast"
/usr/bin/make -f CMakeFiles/cmTC_f925c.dir/build.make CMakeFiles/cmTC_f925c.dir/build
make[1]: Entering directory '/media/gungui/HOC TAP/computer vision/dlib/examples/build/CMakeFiles/CMakeTmp'
Building C object CMakeFiles/cmTC_f925c.dir/CheckFunctionExists.c.o
/usr/bin/cc    -DCHECK_FUNCTION_EXISTS=connect   -o CMakeFiles/cmTC_f925c.dir/CheckFunctionExists.c.o   -c /usr/share/cmake-3.5/Modules/CheckFunctionExists.c
Linking C executable cmTC_f925c
/usr/bin/cmake -E cmake_link_script CMakeFiles/cmTC_f925c.dir/link.txt --verbose=1
/usr/bin/cc   -DCHECK_FUNCTION_EXISTS=connect    CMakeFiles/cmTC_f925c.dir/CheckFunctionExists.c.o  -o cmTC_f925c -rdynamic 
make[1]: Leaving directory '/media/gungui/HOC TAP/computer vision/dlib/examples/build/CMakeFiles/CMakeTmp'


Determining if the function remove exists passed with the following output:
Change Dir: /media/gungui/HOC TAP/computer vision/dlib/examples/build/CMakeFiles/CMakeTmp

Run Build Command:"/usr/bin/make" "cmTC_0dc51/fast"
/usr/bin/make -f CMakeFiles/cmTC_0dc51.dir/build.make CMakeFiles/cmTC_0dc51.dir/build
make[1]: Entering directory '/media/gungui/HOC TAP/computer vision/dlib/examples/build/CMakeFiles/CMakeTmp'
Building C object CMakeFiles/cmTC_0dc51.dir/CheckFunctionExists.c.o
/usr/bin/cc    -DCHECK_FUNCTION_EXISTS=remove   -o CMakeFiles/cmTC_0dc51.dir/CheckFunctionExists.c.o   -c /usr/share/cmake-3.5/Modules/CheckFunctionExists.c
Linking C executable cmTC_0dc51
/usr/bin/cmake -E cmake_link_script CMakeFiles/cmTC_0dc51.dir/link.txt --verbose=1
/usr/bin/cc   -DCHECK_FUNCTION_EXISTS=remove    CMakeFiles/cmTC_0dc51.dir/CheckFunctionExists.c.o  -o cmTC_0dc51 -rdynamic 
make[1]: Leaving directory '/media/gungui/HOC TAP/computer vision/dlib/examples/build/CMakeFiles/CMakeTmp'


Determining if the function shmat exists passed with the following output:
Change Dir: /media/gungui/HOC TAP/computer vision/dlib/examples/build/CMakeFiles/CMakeTmp

Run Build Command:"/usr/bin/make" "cmTC_d1f34/fast"
/usr/bin/make -f CMakeFiles/cmTC_d1f34.dir/build.make CMakeFiles/cmTC_d1f34.dir/build
make[1]: Entering directory '/media/gungui/HOC TAP/computer vision/dlib/examples/build/CMakeFiles/CMakeTmp'
Building C object CMakeFiles/cmTC_d1f34.dir/CheckFunctionExists.c.o
/usr/bin/cc    -DCHECK_FUNCTION_EXISTS=shmat   -o CMakeFiles/cmTC_d1f34.dir/CheckFunctionExists.c.o   -c /usr/share/cmake-3.5/Modules/CheckFunctionExists.c
Linking C executable cmTC_d1f34
/usr/bin/cmake -E cmake_link_script CMakeFiles/cmTC_d1f34.dir/link.txt --verbose=1
/usr/bin/cc   -DCHECK_FUNCTION_EXISTS=shmat    CMakeFiles/cmTC_d1f34.dir/CheckFunctionExists.c.o  -o cmTC_d1f34 -rdynamic 
make[1]: Leaving directory '/media/gungui/HOC TAP/computer vision/dlib/examples/build/CMakeFiles/CMakeTmp'


Determining if the function IceConnectionNumber exists in the ICE passed with the following output:
Change Dir: /media/gungui/HOC TAP/computer vision/dlib/examples/build/CMakeFiles/CMakeTmp

Run Build Command:"/usr/bin/make" "cmTC_58608/fast"
/usr/bin/make -f CMakeFiles/cmTC_58608.dir/build.make CMakeFiles/cmTC_58608.dir/build
make[1]: Entering directory '/media/gungui/HOC TAP/computer vision/dlib/examples/build/CMakeFiles/CMakeTmp'
Building C object CMakeFiles/cmTC_58608.dir/CheckFunctionExists.c.o
/usr/bin/cc    -DCHECK_FUNCTION_EXISTS=IceConnectionNumber   -o CMakeFiles/cmTC_58608.dir/CheckFunctionExists.c.o   -c /usr/share/cmake-3.5/Modules/CheckFunctionExists.c
Linking C executable cmTC_58608
/usr/bin/cmake -E cmake_link_script CMakeFiles/cmTC_58608.dir/link.txt --verbose=1
/usr/bin/cc   -DCHECK_FUNCTION_EXISTS=IceConnectionNumber    CMakeFiles/cmTC_58608.dir/CheckFunctionExists.c.o  -o cmTC_58608 -rdynamic -lICE 
make[1]: Leaving directory '/media/gungui/HOC TAP/computer vision/dlib/examples/build/CMakeFiles/CMakeTmp'


Determining if the function png_create_read_struct exists passed with the following output:
Change Dir: /media/gungui/HOC TAP/computer vision/dlib/examples/build/CMakeFiles/CMakeTmp

Run Build Command:"/usr/bin/make" "cmTC_0c834/fast"
/usr/bin/make -f CMakeFiles/cmTC_0c834.dir/build.make CMakeFiles/cmTC_0c834.dir/build
make[1]: Entering directory '/media/gungui/HOC TAP/computer vision/dlib/examples/build/CMakeFiles/CMakeTmp'
Building C object CMakeFiles/cmTC_0c834.dir/CheckFunctionExists.c.o
/usr/bin/cc    -DCHECK_FUNCTION_EXISTS=png_create_read_struct   -o CMakeFiles/cmTC_0c834.dir/CheckFunctionExists.c.o   -c /usr/share/cmake-3.5/Modules/CheckFunctionExists.c
Linking C executable cmTC_0c834
/usr/bin/cmake -E cmake_link_script CMakeFiles/cmTC_0c834.dir/link.txt --verbose=1
/usr/bin/cc   -DCHECK_FUNCTION_EXISTS=png_create_read_struct    CMakeFiles/cmTC_0c834.dir/CheckFunctionExists.c.o  -o cmTC_0c834 -rdynamic /usr/lib/x86_64-linux-gnu/libpng.so /usr/lib/x86_64-linux-gnu/libz.so 
make[1]: Leaving directory '/media/gungui/HOC TAP/computer vision/dlib/examples/build/CMakeFiles/CMakeTmp'


Determining if the function jpeg_read_header exists passed with the following output:
Change Dir: /media/gungui/HOC TAP/computer vision/dlib/examples/build/CMakeFiles/CMakeTmp

Run Build Command:"/usr/bin/make" "cmTC_a9e5f/fast"
/usr/bin/make -f CMakeFiles/cmTC_a9e5f.dir/build.make CMakeFiles/cmTC_a9e5f.dir/build
make[1]: Entering directory '/media/gungui/HOC TAP/computer vision/dlib/examples/build/CMakeFiles/CMakeTmp'
Building C object CMakeFiles/cmTC_a9e5f.dir/CheckFunctionExists.c.o
/usr/bin/cc    -DCHECK_FUNCTION_EXISTS=jpeg_read_header   -o CMakeFiles/cmTC_a9e5f.dir/CheckFunctionExists.c.o   -c /usr/share/cmake-3.5/Modules/CheckFunctionExists.c
Linking C executable cmTC_a9e5f
/usr/bin/cmake -E cmake_link_script CMakeFiles/cmTC_a9e5f.dir/link.txt --verbose=1
/usr/bin/cc   -DCHECK_FUNCTION_EXISTS=jpeg_read_header    CMakeFiles/cmTC_a9e5f.dir/CheckFunctionExists.c.o  -o cmTC_a9e5f -rdynamic /usr/lib/x86_64-linux-gnu/libjpeg.so 
make[1]: Leaving directory '/media/gungui/HOC TAP/computer vision/dlib/examples/build/CMakeFiles/CMakeTmp'


Determining if the include file sys/types.h exists passed with the following output:
Change Dir: /media/gungui/HOC TAP/computer vision/dlib/examples/build/CMakeFiles/CMakeTmp

Run Build Command:"/usr/bin/make" "cmTC_73992/fast"
/usr/bin/make -f CMakeFiles/cmTC_73992.dir/build.make CMakeFiles/cmTC_73992.dir/build
make[1]: Entering directory '/media/gungui/HOC TAP/computer vision/dlib/examples/build/CMakeFiles/CMakeTmp'
Building C object CMakeFiles/cmTC_73992.dir/CheckIncludeFile.c.o
/usr/bin/cc     -o CMakeFiles/cmTC_73992.dir/CheckIncludeFile.c.o   -c "/media/gungui/HOC TAP/computer vision/dlib/examples/build/CMakeFiles/CMakeTmp/CheckIncludeFile.c"
Linking C executable cmTC_73992
/usr/bin/cmake -E cmake_link_script CMakeFiles/cmTC_73992.dir/link.txt --verbose=1
/usr/bin/cc       CMakeFiles/cmTC_73992.dir/CheckIncludeFile.c.o  -o cmTC_73992 -rdynamic 
make[1]: Leaving directory '/media/gungui/HOC TAP/computer vision/dlib/examples/build/CMakeFiles/CMakeTmp'


Determining if the include file stdint.h exists passed with the following output:
Change Dir: /media/gungui/HOC TAP/computer vision/dlib/examples/build/CMakeFiles/CMakeTmp

Run Build Command:"/usr/bin/make" "cmTC_979b3/fast"
/usr/bin/make -f CMakeFiles/cmTC_979b3.dir/build.make CMakeFiles/cmTC_979b3.dir/build
make[1]: Entering directory '/media/gungui/HOC TAP/computer vision/dlib/examples/build/CMakeFiles/CMakeTmp'
Building C object CMakeFiles/cmTC_979b3.dir/CheckIncludeFile.c.o
/usr/bin/cc     -o CMakeFiles/cmTC_979b3.dir/CheckIncludeFile.c.o   -c "/media/gungui/HOC TAP/computer vision/dlib/examples/build/CMakeFiles/CMakeTmp/CheckIncludeFile.c"
Linking C executable cmTC_979b3
/usr/bin/cmake -E cmake_link_script CMakeFiles/cmTC_979b3.dir/link.txt --verbose=1
/usr/bin/cc       CMakeFiles/cmTC_979b3.dir/CheckIncludeFile.c.o  -o cmTC_979b3 -rdynamic 
make[1]: Leaving directory '/media/gungui/HOC TAP/computer vision/dlib/examples/build/CMakeFiles/CMakeTmp'


Determining if the include file stddef.h exists passed with the following output:
Change Dir: /media/gungui/HOC TAP/computer vision/dlib/examples/build/CMakeFiles/CMakeTmp

Run Build Command:"/usr/bin/make" "cmTC_c808d/fast"
/usr/bin/make -f CMakeFiles/cmTC_c808d.dir/build.make CMakeFiles/cmTC_c808d.dir/build
make[1]: Entering directory '/media/gungui/HOC TAP/computer vision/dlib/examples/build/CMakeFiles/CMakeTmp'
Building C object CMakeFiles/cmTC_c808d.dir/CheckIncludeFile.c.o
/usr/bin/cc     -o CMakeFiles/cmTC_c808d.dir/CheckIncludeFile.c.o   -c "/media/gungui/HOC TAP/computer vision/dlib/examples/build/CMakeFiles/CMakeTmp/CheckIncludeFile.c"
Linking C executable cmTC_c808d
/usr/bin/cmake -E cmake_link_script CMakeFiles/cmTC_c808d.dir/link.txt --verbose=1
/usr/bin/cc       CMakeFiles/cmTC_c808d.dir/CheckIncludeFile.c.o  -o cmTC_c808d -rdynamic 
make[1]: Leaving directory '/media/gungui/HOC TAP/computer vision/dlib/examples/build/CMakeFiles/CMakeTmp'


Determining size of void* passed with the following output:
Change Dir: /media/gungui/HOC TAP/computer vision/dlib/examples/build/CMakeFiles/CMakeTmp

Run Build Command:"/usr/bin/make" "cmTC_602ed/fast"
/usr/bin/make -f CMakeFiles/cmTC_602ed.dir/build.make CMakeFiles/cmTC_602ed.dir/build
make[1]: Entering directory '/media/gungui/HOC TAP/computer vision/dlib/examples/build/CMakeFiles/CMakeTmp'
Building C object CMakeFiles/cmTC_602ed.dir/SIZE_OF_VOID_PTR.c.o
/usr/bin/cc     -o CMakeFiles/cmTC_602ed.dir/SIZE_OF_VOID_PTR.c.o   -c "/media/gungui/HOC TAP/computer vision/dlib/examples/build/CMakeFiles/CheckTypeSize/SIZE_OF_VOID_PTR.c"
Linking C executable cmTC_602ed
/usr/bin/cmake -E cmake_link_script CMakeFiles/cmTC_602ed.dir/link.txt --verbose=1
/usr/bin/cc       CMakeFiles/cmTC_602ed.dir/SIZE_OF_VOID_PTR.c.o  -o cmTC_602ed -rdynamic /usr/lib/x86_64-linux-gnu/libjpeg.so 
make[1]: Leaving directory '/media/gungui/HOC TAP/computer vision/dlib/examples/build/CMakeFiles/CMakeTmp'


Determining if the function cblas_ddot exists passed with the following output:
Change Dir: /media/gungui/HOC TAP/computer vision/dlib/examples/build/CMakeFiles/CMakeTmp

Run Build Command:"/usr/bin/make" "cmTC_d9d18/fast"
/usr/bin/make -f CMakeFiles/cmTC_d9d18.dir/build.make CMakeFiles/cmTC_d9d18.dir/build
make[1]: Entering directory '/media/gungui/HOC TAP/computer vision/dlib/examples/build/CMakeFiles/CMakeTmp'
Building C object CMakeFiles/cmTC_d9d18.dir/CheckFunctionExists.c.o
/usr/bin/cc    -DCHECK_FUNCTION_EXISTS=cblas_ddot   -o CMakeFiles/cmTC_d9d18.dir/CheckFunctionExists.c.o   -c /usr/share/cmake-3.5/Modules/CheckFunctionExists.c
Linking C executable cmTC_d9d18
/usr/bin/cmake -E cmake_link_script CMakeFiles/cmTC_d9d18.dir/link.txt --verbose=1
/usr/bin/cc   -DCHECK_FUNCTION_EXISTS=cblas_ddot    CMakeFiles/cmTC_d9d18.dir/CheckFunctionExists.c.o  -o cmTC_d9d18 -rdynamic /usr/lib/libatlas.so /usr/lib/libcblas.so 
make[1]: Leaving directory '/media/gungui/HOC TAP/computer vision/dlib/examples/build/CMakeFiles/CMakeTmp'


Determining if the function sgesv_ exists passed with the following output:
Change Dir: /media/gungui/HOC TAP/computer vision/dlib/examples/build/CMakeFiles/CMakeTmp

Run Build Command:"/usr/bin/make" "cmTC_a8146/fast"
/usr/bin/make -f CMakeFiles/cmTC_a8146.dir/build.make CMakeFiles/cmTC_a8146.dir/build
make[1]: Entering directory '/media/gungui/HOC TAP/computer vision/dlib/examples/build/CMakeFiles/CMakeTmp'
Building C object CMakeFiles/cmTC_a8146.dir/CheckFunctionExists.c.o
/usr/bin/cc    -DCHECK_FUNCTION_EXISTS=sgesv_   -o CMakeFiles/cmTC_a8146.dir/CheckFunctionExists.c.o   -c /usr/share/cmake-3.5/Modules/CheckFunctionExists.c
Linking C executable cmTC_a8146
/usr/bin/cmake -E cmake_link_script CMakeFiles/cmTC_a8146.dir/link.txt --verbose=1
/usr/bin/cc   -DCHECK_FUNCTION_EXISTS=sgesv_    CMakeFiles/cmTC_a8146.dir/CheckFunctionExists.c.o  -o cmTC_a8146 -rdynamic /usr/lib/liblapack.so 
make[1]: Leaving directory '/media/gungui/HOC TAP/computer vision/dlib/examples/build/CMakeFiles/CMakeTmp'


Determining if the include file pthread.h exists passed with the following output:
Change Dir: /media/gungui/HOC TAP/computer vision/dlib/examples/build/CMakeFiles/CMakeTmp

Run Build Command:"/usr/bin/make" "cmTC_09751/fast"
make[1]: Entering directory '/media/gungui/HOC TAP/computer vision/dlib/examples/build/CMakeFiles/CMakeTmp'
/usr/bin/make -f CMakeFiles/cmTC_09751.dir/build.make CMakeFiles/cmTC_09751.dir/build
make[2]: Entering directory '/media/gungui/HOC TAP/computer vision/dlib/examples/build/CMakeFiles/CMakeTmp'
Building C object CMakeFiles/cmTC_09751.dir/CheckIncludeFile.c.o
/usr/bin/cc     -o CMakeFiles/cmTC_09751.dir/CheckIncludeFile.c.o   -c "/media/gungui/HOC TAP/computer vision/dlib/examples/build/CMakeFiles/CMakeTmp/CheckIncludeFile.c"
Linking C executable cmTC_09751
/usr/bin/cmake -E cmake_link_script CMakeFiles/cmTC_09751.dir/link.txt --verbose=1
/usr/bin/cc       CMakeFiles/cmTC_09751.dir/CheckIncludeFile.c.o  -o cmTC_09751 -rdynamic 
make[2]: Leaving directory '/media/gungui/HOC TAP/computer vision/dlib/examples/build/CMakeFiles/CMakeTmp'
make[1]: Leaving directory '/media/gungui/HOC TAP/computer vision/dlib/examples/build/CMakeFiles/CMakeTmp'


Determining if the function pthread_create exists in the pthread passed with the following output:
Change Dir: /media/gungui/HOC TAP/computer vision/dlib/examples/build/CMakeFiles/CMakeTmp

Run Build Command:"/usr/bin/make" "cmTC_3fcfe/fast"
make[1]: Entering directory '/media/gungui/HOC TAP/computer vision/dlib/examples/build/CMakeFiles/CMakeTmp'
/usr/bin/make -f CMakeFiles/cmTC_3fcfe.dir/build.make CMakeFiles/cmTC_3fcfe.dir/build
make[2]: Entering directory '/media/gungui/HOC TAP/computer vision/dlib/examples/build/CMakeFiles/CMakeTmp'
Building C object CMakeFiles/cmTC_3fcfe.dir/CheckFunctionExists.c.o
/usr/bin/cc    -DCHECK_FUNCTION_EXISTS=pthread_create   -o CMakeFiles/cmTC_3fcfe.dir/CheckFunctionExists.c.o   -c /usr/share/cmake-3.5/Modules/CheckFunctionExists.c
Linking C executable cmTC_3fcfe
/usr/bin/cmake -E cmake_link_script CMakeFiles/cmTC_3fcfe.dir/link.txt --verbose=1
/usr/bin/cc   -DCHECK_FUNCTION_EXISTS=pthread_create    CMakeFiles/cmTC_3fcfe.dir/CheckFunctionExists.c.o  -o cmTC_3fcfe -rdynamic -lpthread 
make[2]: Leaving directory '/media/gungui/HOC TAP/computer vision/dlib/examples/build/CMakeFiles/CMakeTmp'
make[1]: Leaving directory '/media/gungui/HOC TAP/computer vision/dlib/examples/build/CMakeFiles/CMakeTmp'


Determining if the function XOpenDisplay exists in the /usr/lib/x86_64-linux-gnu/libX11.so;/usr/lib/x86_64-linux-gnu/libXext.so passed with the following output:
Change Dir: /media/gungui/HOC TAP/computer vision/dlib/examples/build/CMakeFiles/CMakeTmp

Run Build Command:"/usr/bin/make" "cmTC_03687/fast"
make[1]: Entering directory '/media/gungui/HOC TAP/computer vision/dlib/examples/build/CMakeFiles/CMakeTmp'
/usr/bin/make -f CMakeFiles/cmTC_03687.dir/build.make CMakeFiles/cmTC_03687.dir/build
make[2]: Entering directory '/media/gungui/HOC TAP/computer vision/dlib/examples/build/CMakeFiles/CMakeTmp'
Building C object CMakeFiles/cmTC_03687.dir/CheckFunctionExists.c.o
/usr/bin/cc    -DCHECK_FUNCTION_EXISTS=XOpenDisplay   -o CMakeFiles/cmTC_03687.dir/CheckFunctionExists.c.o   -c /usr/share/cmake-3.5/Modules/CheckFunctionExists.c
Linking C executable cmTC_03687
/usr/bin/cmake -E cmake_link_script CMakeFiles/cmTC_03687.dir/link.txt --verbose=1
/usr/bin/cc   -DCHECK_FUNCTION_EXISTS=XOpenDisplay    CMakeFiles/cmTC_03687.dir/CheckFunctionExists.c.o  -o cmTC_03687 -rdynamic /usr/lib/x86_64-linux-gnu/libX11.so /usr/lib/x86_64-linux-gnu/libXext.so 
make[2]: Leaving directory '/media/gungui/HOC TAP/computer vision/dlib/examples/build/CMakeFiles/CMakeTmp'
make[1]: Leaving directory '/media/gungui/HOC TAP/computer vision/dlib/examples/build/CMakeFiles/CMakeTmp'


Determining if the function gethostbyname exists passed with the following output:
Change Dir: /media/gungui/HOC TAP/computer vision/dlib/examples/build/CMakeFiles/CMakeTmp

Run Build Command:"/usr/bin/make" "cmTC_5f5dd/fast"
make[1]: Entering directory '/media/gungui/HOC TAP/computer vision/dlib/examples/build/CMakeFiles/CMakeTmp'
/usr/bin/make -f CMakeFiles/cmTC_5f5dd.dir/build.make CMakeFiles/cmTC_5f5dd.dir/build
make[2]: Entering directory '/media/gungui/HOC TAP/computer vision/dlib/examples/build/CMakeFiles/CMakeTmp'
Building C object CMakeFiles/cmTC_5f5dd.dir/CheckFunctionExists.c.o
/usr/bin/cc    -DCHECK_FUNCTION_EXISTS=gethostbyname   -o CMakeFiles/cmTC_5f5dd.dir/CheckFunctionExists.c.o   -c /usr/share/cmake-3.5/Modules/CheckFunctionExists.c
Linking C executable cmTC_5f5dd
/usr/bin/cmake -E cmake_link_script CMakeFiles/cmTC_5f5dd.dir/link.txt --verbose=1
/usr/bin/cc   -DCHECK_FUNCTION_EXISTS=gethostbyname    CMakeFiles/cmTC_5f5dd.dir/CheckFunctionExists.c.o  -o cmTC_5f5dd -rdynamic 
make[2]: Leaving directory '/media/gungui/HOC TAP/computer vision/dlib/examples/build/CMakeFiles/CMakeTmp'
make[1]: Leaving directory '/media/gungui/HOC TAP/computer vision/dlib/examples/build/CMakeFiles/CMakeTmp'


Determining if the function connect exists passed with the following output:
Change Dir: /media/gungui/HOC TAP/computer vision/dlib/examples/build/CMakeFiles/CMakeTmp

Run Build Command:"/usr/bin/make" "cmTC_f9d3a/fast"
make[1]: Entering directory '/media/gungui/HOC TAP/computer vision/dlib/examples/build/CMakeFiles/CMakeTmp'
/usr/bin/make -f CMakeFiles/cmTC_f9d3a.dir/build.make CMakeFiles/cmTC_f9d3a.dir/build
make[2]: Entering directory '/media/gungui/HOC TAP/computer vision/dlib/examples/build/CMakeFiles/CMakeTmp'
Building C object CMakeFiles/cmTC_f9d3a.dir/CheckFunctionExists.c.o
/usr/bin/cc    -DCHECK_FUNCTION_EXISTS=connect   -o CMakeFiles/cmTC_f9d3a.dir/CheckFunctionExists.c.o   -c /usr/share/cmake-3.5/Modules/CheckFunctionExists.c
Linking C executable cmTC_f9d3a
/usr/bin/cmake -E cmake_link_script CMakeFiles/cmTC_f9d3a.dir/link.txt --verbose=1
/usr/bin/cc   -DCHECK_FUNCTION_EXISTS=connect    CMakeFiles/cmTC_f9d3a.dir/CheckFunctionExists.c.o  -o cmTC_f9d3a -rdynamic 
make[2]: Leaving directory '/media/gungui/HOC TAP/computer vision/dlib/examples/build/CMakeFiles/CMakeTmp'
make[1]: Leaving directory '/media/gungui/HOC TAP/computer vision/dlib/examples/build/CMakeFiles/CMakeTmp'


Determining if the function remove exists passed with the following output:
Change Dir: /media/gungui/HOC TAP/computer vision/dlib/examples/build/CMakeFiles/CMakeTmp

Run Build Command:"/usr/bin/make" "cmTC_f82ff/fast"
make[1]: Entering directory '/media/gungui/HOC TAP/computer vision/dlib/examples/build/CMakeFiles/CMakeTmp'
/usr/bin/make -f CMakeFiles/cmTC_f82ff.dir/build.make CMakeFiles/cmTC_f82ff.dir/build
make[2]: Entering directory '/media/gungui/HOC TAP/computer vision/dlib/examples/build/CMakeFiles/CMakeTmp'
Building C object CMakeFiles/cmTC_f82ff.dir/CheckFunctionExists.c.o
/usr/bin/cc    -DCHECK_FUNCTION_EXISTS=remove   -o CMakeFiles/cmTC_f82ff.dir/CheckFunctionExists.c.o   -c /usr/share/cmake-3.5/Modules/CheckFunctionExists.c
Linking C executable cmTC_f82ff
/usr/bin/cmake -E cmake_link_script CMakeFiles/cmTC_f82ff.dir/link.txt --verbose=1
/usr/bin/cc   -DCHECK_FUNCTION_EXISTS=remove    CMakeFiles/cmTC_f82ff.dir/CheckFunctionExists.c.o  -o cmTC_f82ff -rdynamic 
make[2]: Leaving directory '/media/gungui/HOC TAP/computer vision/dlib/examples/build/CMakeFiles/CMakeTmp'
make[1]: Leaving directory '/media/gungui/HOC TAP/computer vision/dlib/examples/build/CMakeFiles/CMakeTmp'


Determining if the function shmat exists passed with the following output:
Change Dir: /media/gungui/HOC TAP/computer vision/dlib/examples/build/CMakeFiles/CMakeTmp

Run Build Command:"/usr/bin/make" "cmTC_9de09/fast"
make[1]: Entering directory '/media/gungui/HOC TAP/computer vision/dlib/examples/build/CMakeFiles/CMakeTmp'
/usr/bin/make -f CMakeFiles/cmTC_9de09.dir/build.make CMakeFiles/cmTC_9de09.dir/build
make[2]: Entering directory '/media/gungui/HOC TAP/computer vision/dlib/examples/build/CMakeFiles/CMakeTmp'
Building C object CMakeFiles/cmTC_9de09.dir/CheckFunctionExists.c.o
/usr/bin/cc    -DCHECK_FUNCTION_EXISTS=shmat   -o CMakeFiles/cmTC_9de09.dir/CheckFunctionExists.c.o   -c /usr/share/cmake-3.5/Modules/CheckFunctionExists.c
Linking C executable cmTC_9de09
/usr/bin/cmake -E cmake_link_script CMakeFiles/cmTC_9de09.dir/link.txt --verbose=1
/usr/bin/cc   -DCHECK_FUNCTION_EXISTS=shmat    CMakeFiles/cmTC_9de09.dir/CheckFunctionExists.c.o  -o cmTC_9de09 -rdynamic 
make[2]: Leaving directory '/media/gungui/HOC TAP/computer vision/dlib/examples/build/CMakeFiles/CMakeTmp'
make[1]: Leaving directory '/media/gungui/HOC TAP/computer vision/dlib/examples/build/CMakeFiles/CMakeTmp'


Determining if the function IceConnectionNumber exists in the ICE passed with the following output:
Change Dir: /media/gungui/HOC TAP/computer vision/dlib/examples/build/CMakeFiles/CMakeTmp

Run Build Command:"/usr/bin/make" "cmTC_ce9a6/fast"
make[1]: Entering directory '/media/gungui/HOC TAP/computer vision/dlib/examples/build/CMakeFiles/CMakeTmp'
/usr/bin/make -f CMakeFiles/cmTC_ce9a6.dir/build.make CMakeFiles/cmTC_ce9a6.dir/build
make[2]: Entering directory '/media/gungui/HOC TAP/computer vision/dlib/examples/build/CMakeFiles/CMakeTmp'
Building C object CMakeFiles/cmTC_ce9a6.dir/CheckFunctionExists.c.o
/usr/bin/cc    -DCHECK_FUNCTION_EXISTS=IceConnectionNumber   -o CMakeFiles/cmTC_ce9a6.dir/CheckFunctionExists.c.o   -c /usr/share/cmake-3.5/Modules/CheckFunctionExists.c
Linking C executable cmTC_ce9a6
/usr/bin/cmake -E cmake_link_script CMakeFiles/cmTC_ce9a6.dir/link.txt --verbose=1
/usr/bin/cc   -DCHECK_FUNCTION_EXISTS=IceConnectionNumber    CMakeFiles/cmTC_ce9a6.dir/CheckFunctionExists.c.o  -o cmTC_ce9a6 -rdynamic -lICE 
make[2]: Leaving directory '/media/gungui/HOC TAP/computer vision/dlib/examples/build/CMakeFiles/CMakeTmp'
make[1]: Leaving directory '/media/gungui/HOC TAP/computer vision/dlib/examples/build/CMakeFiles/CMakeTmp'


Determining if the function png_create_read_struct exists passed with the following output:
Change Dir: /media/gungui/HOC TAP/computer vision/dlib/examples/build/CMakeFiles/CMakeTmp

Run Build Command:"/usr/bin/make" "cmTC_3cb04/fast"
make[1]: Entering directory '/media/gungui/HOC TAP/computer vision/dlib/examples/build/CMakeFiles/CMakeTmp'
/usr/bin/make -f CMakeFiles/cmTC_3cb04.dir/build.make CMakeFiles/cmTC_3cb04.dir/build
make[2]: Entering directory '/media/gungui/HOC TAP/computer vision/dlib/examples/build/CMakeFiles/CMakeTmp'
Building C object CMakeFiles/cmTC_3cb04.dir/CheckFunctionExists.c.o
/usr/bin/cc    -DCHECK_FUNCTION_EXISTS=png_create_read_struct   -o CMakeFiles/cmTC_3cb04.dir/CheckFunctionExists.c.o   -c /usr/share/cmake-3.5/Modules/CheckFunctionExists.c
Linking C executable cmTC_3cb04
/usr/bin/cmake -E cmake_link_script CMakeFiles/cmTC_3cb04.dir/link.txt --verbose=1
/usr/bin/cc   -DCHECK_FUNCTION_EXISTS=png_create_read_struct    CMakeFiles/cmTC_3cb04.dir/CheckFunctionExists.c.o  -o cmTC_3cb04 -rdynamic /usr/lib/x86_64-linux-gnu/libpng.so /usr/lib/x86_64-linux-gnu/libz.so 
make[2]: Leaving directory '/media/gungui/HOC TAP/computer vision/dlib/examples/build/CMakeFiles/CMakeTmp'
make[1]: Leaving directory '/media/gungui/HOC TAP/computer vision/dlib/examples/build/CMakeFiles/CMakeTmp'


Determining if the function jpeg_read_header exists passed with the following output:
Change Dir: /media/gungui/HOC TAP/computer vision/dlib/examples/build/CMakeFiles/CMakeTmp

Run Build Command:"/usr/bin/make" "cmTC_b5dc1/fast"
make[1]: Entering directory '/media/gungui/HOC TAP/computer vision/dlib/examples/build/CMakeFiles/CMakeTmp'
/usr/bin/make -f CMakeFiles/cmTC_b5dc1.dir/build.make CMakeFiles/cmTC_b5dc1.dir/build
make[2]: Entering directory '/media/gungui/HOC TAP/computer vision/dlib/examples/build/CMakeFiles/CMakeTmp'
Building C object CMakeFiles/cmTC_b5dc1.dir/CheckFunctionExists.c.o
/usr/bin/cc    -DCHECK_FUNCTION_EXISTS=jpeg_read_header   -o CMakeFiles/cmTC_b5dc1.dir/CheckFunctionExists.c.o   -c /usr/share/cmake-3.5/Modules/CheckFunctionExists.c
Linking C executable cmTC_b5dc1
/usr/bin/cmake -E cmake_link_script CMakeFiles/cmTC_b5dc1.dir/link.txt --verbose=1
/usr/bin/cc   -DCHECK_FUNCTION_EXISTS=jpeg_read_header    CMakeFiles/cmTC_b5dc1.dir/CheckFunctionExists.c.o  -o cmTC_b5dc1 -rdynamic /usr/lib/x86_64-linux-gnu/libjpeg.so 
make[2]: Leaving directory '/media/gungui/HOC TAP/computer vision/dlib/examples/build/CMakeFiles/CMakeTmp'
make[1]: Leaving directory '/media/gungui/HOC TAP/computer vision/dlib/examples/build/CMakeFiles/CMakeTmp'


Determining if the include file sys/types.h exists passed with the following output:
Change Dir: /media/gungui/HOC TAP/computer vision/dlib/examples/build/CMakeFiles/CMakeTmp

Run Build Command:"/usr/bin/make" "cmTC_bb9e6/fast"
make[1]: Entering directory '/media/gungui/HOC TAP/computer vision/dlib/examples/build/CMakeFiles/CMakeTmp'
/usr/bin/make -f CMakeFiles/cmTC_bb9e6.dir/build.make CMakeFiles/cmTC_bb9e6.dir/build
make[2]: Entering directory '/media/gungui/HOC TAP/computer vision/dlib/examples/build/CMakeFiles/CMakeTmp'
Building C object CMakeFiles/cmTC_bb9e6.dir/CheckIncludeFile.c.o
/usr/bin/cc     -o CMakeFiles/cmTC_bb9e6.dir/CheckIncludeFile.c.o   -c "/media/gungui/HOC TAP/computer vision/dlib/examples/build/CMakeFiles/CMakeTmp/CheckIncludeFile.c"
Linking C executable cmTC_bb9e6
/usr/bin/cmake -E cmake_link_script CMakeFiles/cmTC_bb9e6.dir/link.txt --verbose=1
/usr/bin/cc       CMakeFiles/cmTC_bb9e6.dir/CheckIncludeFile.c.o  -o cmTC_bb9e6 -rdynamic 
make[2]: Leaving directory '/media/gungui/HOC TAP/computer vision/dlib/examples/build/CMakeFiles/CMakeTmp'
make[1]: Leaving directory '/media/gungui/HOC TAP/computer vision/dlib/examples/build/CMakeFiles/CMakeTmp'


Determining if the include file stdint.h exists passed with the following output:
Change Dir: /media/gungui/HOC TAP/computer vision/dlib/examples/build/CMakeFiles/CMakeTmp

Run Build Command:"/usr/bin/make" "cmTC_90ebe/fast"
make[1]: Entering directory '/media/gungui/HOC TAP/computer vision/dlib/examples/build/CMakeFiles/CMakeTmp'
/usr/bin/make -f CMakeFiles/cmTC_90ebe.dir/build.make CMakeFiles/cmTC_90ebe.dir/build
make[2]: Entering directory '/media/gungui/HOC TAP/computer vision/dlib/examples/build/CMakeFiles/CMakeTmp'
Building C object CMakeFiles/cmTC_90ebe.dir/CheckIncludeFile.c.o
/usr/bin/cc     -o CMakeFiles/cmTC_90ebe.dir/CheckIncludeFile.c.o   -c "/media/gungui/HOC TAP/computer vision/dlib/examples/build/CMakeFiles/CMakeTmp/CheckIncludeFile.c"
Linking C executable cmTC_90ebe
/usr/bin/cmake -E cmake_link_script CMakeFiles/cmTC_90ebe.dir/link.txt --verbose=1
/usr/bin/cc       CMakeFiles/cmTC_90ebe.dir/CheckIncludeFile.c.o  -o cmTC_90ebe -rdynamic 
make[2]: Leaving directory '/media/gungui/HOC TAP/computer vision/dlib/examples/build/CMakeFiles/CMakeTmp'
make[1]: Leaving directory '/media/gungui/HOC TAP/computer vision/dlib/examples/build/CMakeFiles/CMakeTmp'


Determining if the include file stddef.h exists passed with the following output:
Change Dir: /media/gungui/HOC TAP/computer vision/dlib/examples/build/CMakeFiles/CMakeTmp

Run Build Command:"/usr/bin/make" "cmTC_ee7c1/fast"
make[1]: Entering directory '/media/gungui/HOC TAP/computer vision/dlib/examples/build/CMakeFiles/CMakeTmp'
/usr/bin/make -f CMakeFiles/cmTC_ee7c1.dir/build.make CMakeFiles/cmTC_ee7c1.dir/build
make[2]: Entering directory '/media/gungui/HOC TAP/computer vision/dlib/examples/build/CMakeFiles/CMakeTmp'
Building C object CMakeFiles/cmTC_ee7c1.dir/CheckIncludeFile.c.o
/usr/bin/cc     -o CMakeFiles/cmTC_ee7c1.dir/CheckIncludeFile.c.o   -c "/media/gungui/HOC TAP/computer vision/dlib/examples/build/CMakeFiles/CMakeTmp/CheckIncludeFile.c"
Linking C executable cmTC_ee7c1
/usr/bin/cmake -E cmake_link_script CMakeFiles/cmTC_ee7c1.dir/link.txt --verbose=1
/usr/bin/cc       CMakeFiles/cmTC_ee7c1.dir/CheckIncludeFile.c.o  -o cmTC_ee7c1 -rdynamic 
make[2]: Leaving directory '/media/gungui/HOC TAP/computer vision/dlib/examples/build/CMakeFiles/CMakeTmp'
make[1]: Leaving directory '/media/gungui/HOC TAP/computer vision/dlib/examples/build/CMakeFiles/CMakeTmp'


Determining size of void* passed with the following output:
Change Dir: /media/gungui/HOC TAP/computer vision/dlib/examples/build/CMakeFiles/CMakeTmp

Run Build Command:"/usr/bin/make" "cmTC_c98cf/fast"
make[1]: Entering directory '/media/gungui/HOC TAP/computer vision/dlib/examples/build/CMakeFiles/CMakeTmp'
/usr/bin/make -f CMakeFiles/cmTC_c98cf.dir/build.make CMakeFiles/cmTC_c98cf.dir/build
make[2]: Entering directory '/media/gungui/HOC TAP/computer vision/dlib/examples/build/CMakeFiles/CMakeTmp'
Building C object CMakeFiles/cmTC_c98cf.dir/SIZE_OF_VOID_PTR.c.o
/usr/bin/cc     -o CMakeFiles/cmTC_c98cf.dir/SIZE_OF_VOID_PTR.c.o   -c "/media/gungui/HOC TAP/computer vision/dlib/examples/build/CMakeFiles/CheckTypeSize/SIZE_OF_VOID_PTR.c"
Linking C executable cmTC_c98cf
/usr/bin/cmake -E cmake_link_script CMakeFiles/cmTC_c98cf.dir/link.txt --verbose=1
/usr/bin/cc       CMakeFiles/cmTC_c98cf.dir/SIZE_OF_VOID_PTR.c.o  -o cmTC_c98cf -rdynamic /usr/lib/x86_64-linux-gnu/libjpeg.so 
make[2]: Leaving directory '/media/gungui/HOC TAP/computer vision/dlib/examples/build/CMakeFiles/CMakeTmp'
make[1]: Leaving directory '/media/gungui/HOC TAP/computer vision/dlib/examples/build/CMakeFiles/CMakeTmp'


Determining if the function cblas_ddot exists passed with the following output:
Change Dir: /media/gungui/HOC TAP/computer vision/dlib/examples/build/CMakeFiles/CMakeTmp

Run Build Command:"/usr/bin/make" "cmTC_c6e89/fast"
make[1]: Entering directory '/media/gungui/HOC TAP/computer vision/dlib/examples/build/CMakeFiles/CMakeTmp'
/usr/bin/make -f CMakeFiles/cmTC_c6e89.dir/build.make CMakeFiles/cmTC_c6e89.dir/build
make[2]: Entering directory '/media/gungui/HOC TAP/computer vision/dlib/examples/build/CMakeFiles/CMakeTmp'
Building C object CMakeFiles/cmTC_c6e89.dir/CheckFunctionExists.c.o
/usr/bin/cc    -DCHECK_FUNCTION_EXISTS=cblas_ddot   -o CMakeFiles/cmTC_c6e89.dir/CheckFunctionExists.c.o   -c /usr/share/cmake-3.5/Modules/CheckFunctionExists.c
Linking C executable cmTC_c6e89
/usr/bin/cmake -E cmake_link_script CMakeFiles/cmTC_c6e89.dir/link.txt --verbose=1
/usr/bin/cc   -DCHECK_FUNCTION_EXISTS=cblas_ddot    CMakeFiles/cmTC_c6e89.dir/CheckFunctionExists.c.o  -o cmTC_c6e89 -rdynamic /usr/lib/libatlas.so /usr/lib/libcblas.so 
make[2]: Leaving directory '/media/gungui/HOC TAP/computer vision/dlib/examples/build/CMakeFiles/CMakeTmp'
make[1]: Leaving directory '/media/gungui/HOC TAP/computer vision/dlib/examples/build/CMakeFiles/CMakeTmp'


Determining if the function sgesv_ exists passed with the following output:
Change Dir: /media/gungui/HOC TAP/computer vision/dlib/examples/build/CMakeFiles/CMakeTmp

Run Build Command:"/usr/bin/make" "cmTC_7572d/fast"
make[1]: Entering directory '/media/gungui/HOC TAP/computer vision/dlib/examples/build/CMakeFiles/CMakeTmp'
/usr/bin/make -f CMakeFiles/cmTC_7572d.dir/build.make CMakeFiles/cmTC_7572d.dir/build
make[2]: Entering directory '/media/gungui/HOC TAP/computer vision/dlib/examples/build/CMakeFiles/CMakeTmp'
Building C object CMakeFiles/cmTC_7572d.dir/CheckFunctionExists.c.o
/usr/bin/cc    -DCHECK_FUNCTION_EXISTS=sgesv_   -o CMakeFiles/cmTC_7572d.dir/CheckFunctionExists.c.o   -c /usr/share/cmake-3.5/Modules/CheckFunctionExists.c
Linking C executable cmTC_7572d
/usr/bin/cmake -E cmake_link_script CMakeFiles/cmTC_7572d.dir/link.txt --verbose=1
/usr/bin/cc   -DCHECK_FUNCTION_EXISTS=sgesv_    CMakeFiles/cmTC_7572d.dir/CheckFunctionExists.c.o  -o cmTC_7572d -rdynamic /usr/lib/liblapack.so 
make[2]: Leaving directory '/media/gungui/HOC TAP/computer vision/dlib/examples/build/CMakeFiles/CMakeTmp'
make[1]: Leaving directory '/media/gungui/HOC TAP/computer vision/dlib/examples/build/CMakeFiles/CMakeTmp'


