Determining if the pthread_create exist failed with the following output:
Change Dir: /media/gungui/HOC TAP/computer vision/dlib/examples/build/CMakeFiles/CMakeTmp

Run Build Command:"/usr/bin/make" "cmTC_7189c/fast"
/usr/bin/make -f CMakeFiles/cmTC_7189c.dir/build.make CMakeFiles/cmTC_7189c.dir/build
make[1]: Entering directory '/media/gungui/HOC TAP/computer vision/dlib/examples/build/CMakeFiles/CMakeTmp'
Building C object CMakeFiles/cmTC_7189c.dir/CheckSymbolExists.c.o
/usr/bin/cc     -o CMakeFiles/cmTC_7189c.dir/CheckSymbolExists.c.o   -c "/media/gungui/HOC TAP/computer vision/dlib/examples/build/CMakeFiles/CMakeTmp/CheckSymbolExists.c"
Linking C executable cmTC_7189c
/usr/bin/cmake -E cmake_link_script CMakeFiles/cmTC_7189c.dir/link.txt --verbose=1
/usr/bin/cc       CMakeFiles/cmTC_7189c.dir/CheckSymbolExists.c.o  -o cmTC_7189c -rdynamic 
CMakeFiles/cmTC_7189c.dir/CheckSymbolExists.c.o: In function `main':
CheckSymbolExists.c:(.text+0x16): undefined reference to `pthread_create'
collect2: error: ld returned 1 exit status
CMakeFiles/cmTC_7189c.dir/build.make:97: recipe for target 'cmTC_7189c' failed
make[1]: *** [cmTC_7189c] Error 1
make[1]: Leaving directory '/media/gungui/HOC TAP/computer vision/dlib/examples/build/CMakeFiles/CMakeTmp'
Makefile:126: recipe for target 'cmTC_7189c/fast' failed
make: *** [cmTC_7189c/fast] Error 2

File /media/gungui/HOC TAP/computer vision/dlib/examples/build/CMakeFiles/CMakeTmp/CheckSymbolExists.c:
/* */
#include <pthread.h>

int main(int argc, char** argv)
{
  (void)argv;
#ifndef pthread_create
  return ((int*)(&pthread_create))[argc];
#else
  (void)argc;
  return 0;
#endif
}

Determining if the function pthread_create exists in the pthreads failed with the following output:
Change Dir: /media/gungui/HOC TAP/computer vision/dlib/examples/build/CMakeFiles/CMakeTmp

Run Build Command:"/usr/bin/make" "cmTC_bcf4f/fast"
/usr/bin/make -f CMakeFiles/cmTC_bcf4f.dir/build.make CMakeFiles/cmTC_bcf4f.dir/build
make[1]: Entering directory '/media/gungui/HOC TAP/computer vision/dlib/examples/build/CMakeFiles/CMakeTmp'
Building C object CMakeFiles/cmTC_bcf4f.dir/CheckFunctionExists.c.o
/usr/bin/cc    -DCHECK_FUNCTION_EXISTS=pthread_create   -o CMakeFiles/cmTC_bcf4f.dir/CheckFunctionExists.c.o   -c /usr/share/cmake-3.5/Modules/CheckFunctionExists.c
Linking C executable cmTC_bcf4f
/usr/bin/cmake -E cmake_link_script CMakeFiles/cmTC_bcf4f.dir/link.txt --verbose=1
/usr/bin/cc   -DCHECK_FUNCTION_EXISTS=pthread_create    CMakeFiles/cmTC_bcf4f.dir/CheckFunctionExists.c.o  -o cmTC_bcf4f -rdynamic -lpthreads 
/usr/bin/ld: cannot find -lpthreads
collect2: error: ld returned 1 exit status
CMakeFiles/cmTC_bcf4f.dir/build.make:97: recipe for target 'cmTC_bcf4f' failed
make[1]: *** [cmTC_bcf4f] Error 1
make[1]: Leaving directory '/media/gungui/HOC TAP/computer vision/dlib/examples/build/CMakeFiles/CMakeTmp'
Makefile:126: recipe for target 'cmTC_bcf4f/fast' failed
make: *** [cmTC_bcf4f/fast] Error 2


Determining if the function sgesv exists failed with the following output:
Change Dir: /media/gungui/HOC TAP/computer vision/dlib/examples/build/CMakeFiles/CMakeTmp

Run Build Command:"/usr/bin/make" "cmTC_83f5f/fast"
/usr/bin/make -f CMakeFiles/cmTC_83f5f.dir/build.make CMakeFiles/cmTC_83f5f.dir/build
make[1]: Entering directory '/media/gungui/HOC TAP/computer vision/dlib/examples/build/CMakeFiles/CMakeTmp'
Building C object CMakeFiles/cmTC_83f5f.dir/CheckFunctionExists.c.o
/usr/bin/cc    -DCHECK_FUNCTION_EXISTS=sgesv   -o CMakeFiles/cmTC_83f5f.dir/CheckFunctionExists.c.o   -c /usr/share/cmake-3.5/Modules/CheckFunctionExists.c
Linking C executable cmTC_83f5f
/usr/bin/cmake -E cmake_link_script CMakeFiles/cmTC_83f5f.dir/link.txt --verbose=1
/usr/bin/cc   -DCHECK_FUNCTION_EXISTS=sgesv    CMakeFiles/cmTC_83f5f.dir/CheckFunctionExists.c.o  -o cmTC_83f5f -rdynamic /usr/lib/liblapack.so 
CMakeFiles/cmTC_83f5f.dir/CheckFunctionExists.c.o: In function `main':
CheckFunctionExists.c:(.text+0x15): undefined reference to `sgesv'
collect2: error: ld returned 1 exit status
CMakeFiles/cmTC_83f5f.dir/build.make:98: recipe for target 'cmTC_83f5f' failed
make[1]: *** [cmTC_83f5f] Error 1
make[1]: Leaving directory '/media/gungui/HOC TAP/computer vision/dlib/examples/build/CMakeFiles/CMakeTmp'
Makefile:126: recipe for target 'cmTC_83f5f/fast' failed
make: *** [cmTC_83f5f/fast] Error 2


Determining if the function sgetrf_single exists failed with the following output:
Change Dir: /media/gungui/HOC TAP/computer vision/dlib/examples/build/CMakeFiles/CMakeTmp

Run Build Command:"/usr/bin/make" "cmTC_dab10/fast"
make[1]: Entering directory '/media/gungui/HOC TAP/computer vision/dlib/examples/build/CMakeFiles/CMakeTmp'
/usr/bin/make -f CMakeFiles/cmTC_dab10.dir/build.make CMakeFiles/cmTC_dab10.dir/build
make[2]: Entering directory '/media/gungui/HOC TAP/computer vision/dlib/examples/build/CMakeFiles/CMakeTmp'
Building C object CMakeFiles/cmTC_dab10.dir/CheckFunctionExists.c.o
/usr/bin/cc    -DCHECK_FUNCTION_EXISTS=sgetrf_single   -o CMakeFiles/cmTC_dab10.dir/CheckFunctionExists.c.o   -c /usr/share/cmake-3.5/Modules/CheckFunctionExists.c
Linking C executable cmTC_dab10
/usr/bin/cmake -E cmake_link_script CMakeFiles/cmTC_dab10.dir/link.txt --verbose=1
/usr/bin/cc   -DCHECK_FUNCTION_EXISTS=sgetrf_single    CMakeFiles/cmTC_dab10.dir/CheckFunctionExists.c.o  -o cmTC_dab10 -rdynamic /usr/lib/libcblas.so 
CMakeFiles/cmTC_dab10.dir/CheckFunctionExists.c.o: In function `main':
CheckFunctionExists.c:(.text+0x15): undefined reference to `sgetrf_single'
collect2: error: ld returned 1 exit status
CMakeFiles/cmTC_dab10.dir/build.make:98: recipe for target 'cmTC_dab10' failed
make[2]: *** [cmTC_dab10] Error 1
make[2]: Leaving directory '/media/gungui/HOC TAP/computer vision/dlib/examples/build/CMakeFiles/CMakeTmp'
Makefile:126: recipe for target 'cmTC_dab10/fast' failed
make[1]: *** [cmTC_dab10/fast] Error 2
make[1]: Leaving directory '/media/gungui/HOC TAP/computer vision/dlib/examples/build/CMakeFiles/CMakeTmp'


Determining if the pthread_create exist failed with the following output:
Change Dir: /media/gungui/HOC TAP/computer vision/dlib/examples/build/CMakeFiles/CMakeTmp

Run Build Command:"/usr/bin/make" "cmTC_9f07e/fast"
make[1]: Entering directory '/media/gungui/HOC TAP/computer vision/dlib/examples/build/CMakeFiles/CMakeTmp'
/usr/bin/make -f CMakeFiles/cmTC_9f07e.dir/build.make CMakeFiles/cmTC_9f07e.dir/build
make[2]: Entering directory '/media/gungui/HOC TAP/computer vision/dlib/examples/build/CMakeFiles/CMakeTmp'
Building C object CMakeFiles/cmTC_9f07e.dir/CheckSymbolExists.c.o
/usr/bin/cc     -o CMakeFiles/cmTC_9f07e.dir/CheckSymbolExists.c.o   -c "/media/gungui/HOC TAP/computer vision/dlib/examples/build/CMakeFiles/CMakeTmp/CheckSymbolExists.c"
Linking C executable cmTC_9f07e
/usr/bin/cmake -E cmake_link_script CMakeFiles/cmTC_9f07e.dir/link.txt --verbose=1
/usr/bin/cc       CMakeFiles/cmTC_9f07e.dir/CheckSymbolExists.c.o  -o cmTC_9f07e -rdynamic 
CMakeFiles/cmTC_9f07e.dir/CheckSymbolExists.c.o: In function `main':
CheckSymbolExists.c:(.text+0x16): undefined reference to `pthread_create'
collect2: error: ld returned 1 exit status
CMakeFiles/cmTC_9f07e.dir/build.make:97: recipe for target 'cmTC_9f07e' failed
make[2]: *** [cmTC_9f07e] Error 1
make[2]: Leaving directory '/media/gungui/HOC TAP/computer vision/dlib/examples/build/CMakeFiles/CMakeTmp'
Makefile:126: recipe for target 'cmTC_9f07e/fast' failed
make[1]: *** [cmTC_9f07e/fast] Error 2
make[1]: Leaving directory '/media/gungui/HOC TAP/computer vision/dlib/examples/build/CMakeFiles/CMakeTmp'

File /media/gungui/HOC TAP/computer vision/dlib/examples/build/CMakeFiles/CMakeTmp/CheckSymbolExists.c:
/* */
#include <pthread.h>

int main(int argc, char** argv)
{
  (void)argv;
#ifndef pthread_create
  return ((int*)(&pthread_create))[argc];
#else
  (void)argc;
  return 0;
#endif
}

Determining if the function pthread_create exists in the pthreads failed with the following output:
Change Dir: /media/gungui/HOC TAP/computer vision/dlib/examples/build/CMakeFiles/CMakeTmp

Run Build Command:"/usr/bin/make" "cmTC_89743/fast"
make[1]: Entering directory '/media/gungui/HOC TAP/computer vision/dlib/examples/build/CMakeFiles/CMakeTmp'
/usr/bin/make -f CMakeFiles/cmTC_89743.dir/build.make CMakeFiles/cmTC_89743.dir/build
make[2]: Entering directory '/media/gungui/HOC TAP/computer vision/dlib/examples/build/CMakeFiles/CMakeTmp'
Building C object CMakeFiles/cmTC_89743.dir/CheckFunctionExists.c.o
/usr/bin/cc    -DCHECK_FUNCTION_EXISTS=pthread_create   -o CMakeFiles/cmTC_89743.dir/CheckFunctionExists.c.o   -c /usr/share/cmake-3.5/Modules/CheckFunctionExists.c
Linking C executable cmTC_89743
/usr/bin/cmake -E cmake_link_script CMakeFiles/cmTC_89743.dir/link.txt --verbose=1
/usr/bin/cc   -DCHECK_FUNCTION_EXISTS=pthread_create    CMakeFiles/cmTC_89743.dir/CheckFunctionExists.c.o  -o cmTC_89743 -rdynamic -lpthreads 
/usr/bin/ld: cannot find -lpthreads
collect2: error: ld returned 1 exit status
CMakeFiles/cmTC_89743.dir/build.make:97: recipe for target 'cmTC_89743' failed
make[2]: *** [cmTC_89743] Error 1
make[2]: Leaving directory '/media/gungui/HOC TAP/computer vision/dlib/examples/build/CMakeFiles/CMakeTmp'
Makefile:126: recipe for target 'cmTC_89743/fast' failed
make[1]: *** [cmTC_89743/fast] Error 2
make[1]: Leaving directory '/media/gungui/HOC TAP/computer vision/dlib/examples/build/CMakeFiles/CMakeTmp'


Determining if the function sgesv exists failed with the following output:
Change Dir: /media/gungui/HOC TAP/computer vision/dlib/examples/build/CMakeFiles/CMakeTmp

Run Build Command:"/usr/bin/make" "cmTC_0bdfa/fast"
make[1]: Entering directory '/media/gungui/HOC TAP/computer vision/dlib/examples/build/CMakeFiles/CMakeTmp'
/usr/bin/make -f CMakeFiles/cmTC_0bdfa.dir/build.make CMakeFiles/cmTC_0bdfa.dir/build
make[2]: Entering directory '/media/gungui/HOC TAP/computer vision/dlib/examples/build/CMakeFiles/CMakeTmp'
Building C object CMakeFiles/cmTC_0bdfa.dir/CheckFunctionExists.c.o
/usr/bin/cc    -DCHECK_FUNCTION_EXISTS=sgesv   -o CMakeFiles/cmTC_0bdfa.dir/CheckFunctionExists.c.o   -c /usr/share/cmake-3.5/Modules/CheckFunctionExists.c
Linking C executable cmTC_0bdfa
/usr/bin/cmake -E cmake_link_script CMakeFiles/cmTC_0bdfa.dir/link.txt --verbose=1
/usr/bin/cc   -DCHECK_FUNCTION_EXISTS=sgesv    CMakeFiles/cmTC_0bdfa.dir/CheckFunctionExists.c.o  -o cmTC_0bdfa -rdynamic /usr/lib/liblapack.so 
CMakeFiles/cmTC_0bdfa.dir/CheckFunctionExists.c.o: In function `main':
CheckFunctionExists.c:(.text+0x15): undefined reference to `sgesv'
collect2: error: ld returned 1 exit status
CMakeFiles/cmTC_0bdfa.dir/build.make:98: recipe for target 'cmTC_0bdfa' failed
make[2]: *** [cmTC_0bdfa] Error 1
make[2]: Leaving directory '/media/gungui/HOC TAP/computer vision/dlib/examples/build/CMakeFiles/CMakeTmp'
Makefile:126: recipe for target 'cmTC_0bdfa/fast' failed
make[1]: *** [cmTC_0bdfa/fast] Error 2
make[1]: Leaving directory '/media/gungui/HOC TAP/computer vision/dlib/examples/build/CMakeFiles/CMakeTmp'


